{"/Users/janosoler/Desktop/XarxaTecActiva/Activa2025/appComidasSemana/src/config/database.ts": {"path":"/Users/janosoler/Desktop/XarxaTecActiva/Activa2025/appComidasSemana/src/config/database.ts","statementMap":{"0":{"start":{"line":31,"column":0},"end":{"line":31,"column":7}},"1":{"start":{"line":45,"column":0},"end":{"line":45,"column":7}},"2":{"start":{"line":1,"column":0},"end":{"line":1,"column":38}},"3":{"start":{"line":2,"column":0},"end":{"line":2,"column":28}},"4":{"start":{"line":4,"column":0},"end":{"line":4,"column":16}},"5":{"start":{"line":6,"column":31},"end":{"line":11,"column":2}},"6":{"start":{"line":13,"column":13},"end":{"line":13,"column":33}},"7":{"start":{"line":16,"column":0},"end":{"line":18,"column":3}},"8":{"start":{"line":17,"column":2},"end":{"line":17,"column":63}},"9":{"start":{"line":21,"column":0},"end":{"line":23,"column":3}},"10":{"start":{"line":22,"column":2},"end":{"line":22,"column":69}},"11":{"start":{"line":26,"column":0},"end":{"line":28,"column":3}},"12":{"start":{"line":27,"column":2},"end":{"line":27,"column":42}},"13":{"start":{"line":32,"column":2},"end":{"line":41,"column":3}},"14":{"start":{"line":33,"column":19},"end":{"line":33,"column":39}},"15":{"start":{"line":34,"column":4},"end":{"line":34,"column":39}},"16":{"start":{"line":35,"column":4},"end":{"line":35,"column":21}},"17":{"start":{"line":36,"column":4},"end":{"line":36,"column":59}},"18":{"start":{"line":37,"column":4},"end":{"line":37,"column":16}},"19":{"start":{"line":39,"column":4},"end":{"line":39,"column":65}},"20":{"start":{"line":40,"column":4},"end":{"line":40,"column":17}},"21":{"start":{"line":46,"column":2},"end":{"line":46,"column":19}},"22":{"start":{"line":47,"column":2},"end":{"line":47,"column":40}},"23":{"start":{"line":50,"column":0},"end":{"line":50,"column":20}}},"fnMap":{"0":{"name":"(anonymous_1)","decl":{"start":{"line":16,"column":19},"end":{"line":16,"column":20}},"loc":{"start":{"line":16,"column":30},"end":{"line":18,"column":1}}},"1":{"name":"(anonymous_2)","decl":{"start":{"line":21,"column":17},"end":{"line":21,"column":18}},"loc":{"start":{"line":21,"column":33},"end":{"line":23,"column":1}}},"2":{"name":"(anonymous_3)","decl":{"start":{"line":26,"column":18},"end":{"line":26,"column":19}},"loc":{"start":{"line":26,"column":29},"end":{"line":28,"column":1}}},"3":{"name":"testConnection","decl":{"start":{"line":31,"column":22},"end":{"line":31,"column":36}},"loc":{"start":{"line":31,"column":36},"end":{"line":42,"column":1}}},"4":{"name":"closePool","decl":{"start":{"line":45,"column":22},"end":{"line":45,"column":31}},"loc":{"start":{"line":45,"column":31},"end":{"line":48,"column":1}}}},"branchMap":{},"s":{"0":10,"1":10,"2":10,"3":10,"4":10,"5":10,"6":10,"7":10,"8":8,"9":10,"10":0,"11":10,"12":0,"13":0,"14":0,"15":0,"16":0,"17":0,"18":0,"19":0,"20":0,"21":0,"22":0,"23":10},"f":{"0":8,"1":0,"2":0,"3":0,"4":0},"b":{}}
,"/Users/janosoler/Desktop/XarxaTecActiva/Activa2025/appComidasSemana/src/middleware/auth.ts": {"path":"/Users/janosoler/Desktop/XarxaTecActiva/Activa2025/appComidasSemana/src/middleware/auth.ts","statementMap":{"0":{"start":{"line":8,"column":0},"end":{"line":8,"column":7}},"1":{"start":{"line":41,"column":0},"end":{"line":41,"column":7}},"2":{"start":{"line":2,"column":0},"end":{"line":2,"column":50}},"3":{"start":{"line":9,"column":2},"end":{"line":34,"column":3}},"4":{"start":{"line":10,"column":23},"end":{"line":10,"column":52}},"5":{"start":{"line":12,"column":4},"end":{"line":14,"column":5}},"6":{"start":{"line":13,"column":6},"end":{"line":13,"column":96}},"7":{"start":{"line":17,"column":18},"end":{"line":17,"column":39}},"8":{"start":{"line":18,"column":4},"end":{"line":20,"column":5}},"9":{"start":{"line":19,"column":6},"end":{"line":19,"column":101}},"10":{"start":{"line":22,"column":18},"end":{"line":22,"column":26}},"11":{"start":{"line":25,"column":20},"end":{"line":25,"column":50}},"12":{"start":{"line":28,"column":4},"end":{"line":28,"column":36}},"13":{"start":{"line":29,"column":4},"end":{"line":29,"column":38}},"14":{"start":{"line":31,"column":4},"end":{"line":31,"column":17}},"15":{"start":{"line":33,"column":4},"end":{"line":33,"column":95}},"16":{"start":{"line":42,"column":2},"end":{"line":59,"column":3}},"17":{"start":{"line":43,"column":23},"end":{"line":43,"column":52}},"18":{"start":{"line":45,"column":4},"end":{"line":53,"column":5}},"19":{"start":{"line":46,"column":20},"end":{"line":46,"column":41}},"20":{"start":{"line":47,"column":6},"end":{"line":52,"column":7}},"21":{"start":{"line":48,"column":22},"end":{"line":48,"column":30}},"22":{"start":{"line":49,"column":24},"end":{"line":49,"column":54}},"23":{"start":{"line":50,"column":8},"end":{"line":50,"column":40}},"24":{"start":{"line":51,"column":8},"end":{"line":51,"column":42}},"25":{"start":{"line":55,"column":4},"end":{"line":55,"column":17}},"26":{"start":{"line":58,"column":4},"end":{"line":58,"column":17}}},"fnMap":{"0":{"name":"authMiddleware","decl":{"start":{"line":8,"column":22},"end":{"line":8,"column":36}},"loc":{"start":{"line":8,"column":59},"end":{"line":35,"column":1}}},"1":{"name":"optionalAuthMiddleware","decl":{"start":{"line":41,"column":22},"end":{"line":41,"column":44}},"loc":{"start":{"line":41,"column":67},"end":{"line":60,"column":1}}}},"branchMap":{"0":{"loc":{"start":{"line":12,"column":4},"end":{"line":14,"column":5}},"type":"if","locations":[{"start":{"line":12,"column":4},"end":{"line":14,"column":5}}]},"1":{"loc":{"start":{"line":18,"column":4},"end":{"line":20,"column":5}},"type":"if","locations":[{"start":{"line":18,"column":4},"end":{"line":20,"column":5}}]},"2":{"loc":{"start":{"line":18,"column":8},"end":{"line":18,"column":51}},"type":"binary-expr","locations":[{"start":{"line":18,"column":8},"end":{"line":18,"column":26}},{"start":{"line":18,"column":30},"end":{"line":18,"column":51}}]},"3":{"loc":{"start":{"line":45,"column":4},"end":{"line":53,"column":5}},"type":"if","locations":[{"start":{"line":45,"column":4},"end":{"line":53,"column":5}}]},"4":{"loc":{"start":{"line":47,"column":6},"end":{"line":52,"column":7}},"type":"if","locations":[{"start":{"line":47,"column":6},"end":{"line":52,"column":7}}]},"5":{"loc":{"start":{"line":47,"column":10},"end":{"line":47,"column":53}},"type":"binary-expr","locations":[{"start":{"line":47,"column":10},"end":{"line":47,"column":28}},{"start":{"line":47,"column":32},"end":{"line":47,"column":53}}]}},"s":{"0":3,"1":3,"2":3,"3":81,"4":81,"5":81,"6":10,"7":71,"8":71,"9":0,"10":71,"11":71,"12":71,"13":71,"14":71,"15":0,"16":0,"17":0,"18":0,"19":0,"20":0,"21":0,"22":0,"23":0,"24":0,"25":0,"26":0},"f":{"0":81,"1":0},"b":{"0":[10],"1":[0],"2":[71,71],"3":[0],"4":[0],"5":[0,0]}}
,"/Users/janosoler/Desktop/XarxaTecActiva/Activa2025/appComidasSemana/src/middleware/errorHandler.ts": {"path":"/Users/janosoler/Desktop/XarxaTecActiva/Activa2025/appComidasSemana/src/middleware/errorHandler.ts","statementMap":{"0":{"start":{"line":60,"column":0},"end":{"line":60,"column":16}},"1":{"start":{"line":229,"column":0},"end":{"line":229,"column":16}},"2":{"start":{"line":2,"column":0},"end":{"line":2,"column":52}},"3":{"start":{"line":7,"column":4},"end":{"line":7,"column":19}},"4":{"start":{"line":8,"column":4},"end":{"line":8,"column":34}},"5":{"start":{"line":5,"column":0},"end":{"line":5,"column":13}},"6":{"start":{"line":14,"column":4},"end":{"line":14,"column":19}},"7":{"start":{"line":15,"column":4},"end":{"line":15,"column":38}},"8":{"start":{"line":12,"column":0},"end":{"line":12,"column":13}},"9":{"start":{"line":21,"column":4},"end":{"line":21,"column":19}},"10":{"start":{"line":22,"column":4},"end":{"line":22,"column":37}},"11":{"start":{"line":19,"column":0},"end":{"line":19,"column":13}},"12":{"start":{"line":28,"column":4},"end":{"line":28,"column":19}},"13":{"start":{"line":29,"column":4},"end":{"line":29,"column":32}},"14":{"start":{"line":26,"column":0},"end":{"line":26,"column":13}},"15":{"start":{"line":35,"column":4},"end":{"line":35,"column":19}},"16":{"start":{"line":36,"column":4},"end":{"line":36,"column":33}},"17":{"start":{"line":33,"column":0},"end":{"line":33,"column":13}},"18":{"start":{"line":42,"column":4},"end":{"line":42,"column":19}},"19":{"start":{"line":43,"column":4},"end":{"line":43,"column":32}},"20":{"start":{"line":40,"column":0},"end":{"line":40,"column":13}},"21":{"start":{"line":62,"column":2},"end":{"line":62,"column":41}},"22":{"start":{"line":63,"column":2},"end":{"line":63,"column":41}},"23":{"start":{"line":64,"column":2},"end":{"line":64,"column":47}},"24":{"start":{"line":65,"column":2},"end":{"line":65,"column":43}},"25":{"start":{"line":66,"column":2},"end":{"line":66,"column":45}},"26":{"start":{"line":67,"column":2},"end":{"line":67,"column":49}},"27":{"start":{"line":68,"column":2},"end":{"line":68,"column":41}},"28":{"start":{"line":70,"column":20},"end":{"line":70,"column":44}},"29":{"start":{"line":73,"column":2},"end":{"line":82,"column":3}},"30":{"start":{"line":74,"column":36},"end":{"line":80,"column":6}},"31":{"start":{"line":81,"column":4},"end":{"line":81,"column":40}},"32":{"start":{"line":85,"column":2},"end":{"line":94,"column":3}},"33":{"start":{"line":86,"column":36},"end":{"line":92,"column":6}},"34":{"start":{"line":93,"column":4},"end":{"line":93,"column":33}},"35":{"start":{"line":97,"column":2},"end":{"line":106,"column":3}},"36":{"start":{"line":98,"column":36},"end":{"line":104,"column":6}},"37":{"start":{"line":105,"column":4},"end":{"line":105,"column":33}},"38":{"start":{"line":109,"column":2},"end":{"line":118,"column":3}},"39":{"start":{"line":110,"column":36},"end":{"line":116,"column":6}},"40":{"start":{"line":117,"column":4},"end":{"line":117,"column":33}},"41":{"start":{"line":121,"column":2},"end":{"line":130,"column":3}},"42":{"start":{"line":122,"column":36},"end":{"line":128,"column":6}},"43":{"start":{"line":129,"column":4},"end":{"line":129,"column":33}},"44":{"start":{"line":133,"column":2},"end":{"line":142,"column":3}},"45":{"start":{"line":134,"column":36},"end":{"line":140,"column":6}},"46":{"start":{"line":141,"column":4},"end":{"line":141,"column":33}},"47":{"start":{"line":145,"column":2},"end":{"line":154,"column":3}},"48":{"start":{"line":146,"column":36},"end":{"line":152,"column":6}},"49":{"start":{"line":153,"column":4},"end":{"line":153,"column":33}},"50":{"start":{"line":157,"column":2},"end":{"line":168,"column":3}},"51":{"start":{"line":160,"column":36},"end":{"line":166,"column":6}},"52":{"start":{"line":167,"column":4},"end":{"line":167,"column":33}},"53":{"start":{"line":171,"column":2},"end":{"line":183,"column":3}},"54":{"start":{"line":175,"column":36},"end":{"line":181,"column":6}},"55":{"start":{"line":182,"column":4},"end":{"line":182,"column":33}},"56":{"start":{"line":186,"column":2},"end":{"line":197,"column":3}},"57":{"start":{"line":189,"column":36},"end":{"line":195,"column":6}},"58":{"start":{"line":196,"column":4},"end":{"line":196,"column":33}},"59":{"start":{"line":200,"column":2},"end":{"line":210,"column":3}},"60":{"start":{"line":202,"column":36},"end":{"line":208,"column":6}},"61":{"start":{"line":209,"column":4},"end":{"line":209,"column":33}},"62":{"start":{"line":213,"column":34},"end":{"line":221,"column":4}},"63":{"start":{"line":223,"column":2},"end":{"line":223,"column":31}},"64":{"start":{"line":230,"column":34},"end":{"line":236,"column":4}},"65":{"start":{"line":237,"column":2},"end":{"line":237,"column":31}}},"fnMap":{"0":{"name":"(anonymous_0)","decl":{"start":{"line":6,"column":2},"end":{"line":6,"column":14}},"loc":{"start":{"line":6,"column":29},"end":{"line":9,"column":3}}},"1":{"name":"(anonymous_1)","decl":{"start":{"line":13,"column":2},"end":{"line":13,"column":14}},"loc":{"start":{"line":13,"column":29},"end":{"line":16,"column":3}}},"2":{"name":"(anonymous_2)","decl":{"start":{"line":20,"column":2},"end":{"line":20,"column":14}},"loc":{"start":{"line":20,"column":29},"end":{"line":23,"column":3}}},"3":{"name":"(anonymous_3)","decl":{"start":{"line":27,"column":2},"end":{"line":27,"column":14}},"loc":{"start":{"line":27,"column":29},"end":{"line":30,"column":3}}},"4":{"name":"(anonymous_4)","decl":{"start":{"line":34,"column":2},"end":{"line":34,"column":14}},"loc":{"start":{"line":34,"column":29},"end":{"line":37,"column":3}}},"5":{"name":"(anonymous_5)","decl":{"start":{"line":41,"column":2},"end":{"line":41,"column":14}},"loc":{"start":{"line":41,"column":29},"end":{"line":44,"column":3}}},"6":{"name":"errorHandler","decl":{"start":{"line":60,"column":16},"end":{"line":60,"column":28}},"loc":{"start":{"line":60,"column":51},"end":{"line":224,"column":1}}},"7":{"name":"notFoundHandler","decl":{"start":{"line":229,"column":16},"end":{"line":229,"column":31}},"loc":{"start":{"line":229,"column":42},"end":{"line":238,"column":1}}}},"branchMap":{"0":{"loc":{"start":{"line":73,"column":2},"end":{"line":82,"column":3}},"type":"if","locations":[{"start":{"line":73,"column":2},"end":{"line":82,"column":3}}]},"1":{"loc":{"start":{"line":85,"column":2},"end":{"line":94,"column":3}},"type":"if","locations":[{"start":{"line":85,"column":2},"end":{"line":94,"column":3}}]},"2":{"loc":{"start":{"line":97,"column":2},"end":{"line":106,"column":3}},"type":"if","locations":[{"start":{"line":97,"column":2},"end":{"line":106,"column":3}}]},"3":{"loc":{"start":{"line":109,"column":2},"end":{"line":118,"column":3}},"type":"if","locations":[{"start":{"line":109,"column":2},"end":{"line":118,"column":3}}]},"4":{"loc":{"start":{"line":121,"column":2},"end":{"line":130,"column":3}},"type":"if","locations":[{"start":{"line":121,"column":2},"end":{"line":130,"column":3}}]},"5":{"loc":{"start":{"line":133,"column":2},"end":{"line":142,"column":3}},"type":"if","locations":[{"start":{"line":133,"column":2},"end":{"line":142,"column":3}}]},"6":{"loc":{"start":{"line":145,"column":2},"end":{"line":154,"column":3}},"type":"if","locations":[{"start":{"line":145,"column":2},"end":{"line":154,"column":3}}]},"7":{"loc":{"start":{"line":157,"column":2},"end":{"line":168,"column":3}},"type":"if","locations":[{"start":{"line":157,"column":2},"end":{"line":168,"column":3}}]},"8":{"loc":{"start":{"line":157,"column":6},"end":{"line":159,"column":43}},"type":"binary-expr","locations":[{"start":{"line":157,"column":6},"end":{"line":157,"column":49}},{"start":{"line":158,"column":6},"end":{"line":158,"column":43}},{"start":{"line":159,"column":6},"end":{"line":159,"column":43}}]},"9":{"loc":{"start":{"line":171,"column":2},"end":{"line":183,"column":3}},"type":"if","locations":[{"start":{"line":171,"column":2},"end":{"line":183,"column":3}}]},"10":{"loc":{"start":{"line":171,"column":6},"end":{"line":174,"column":37}},"type":"binary-expr","locations":[{"start":{"line":171,"column":6},"end":{"line":171,"column":47}},{"start":{"line":172,"column":6},"end":{"line":172,"column":37}},{"start":{"line":173,"column":6},"end":{"line":173,"column":38}},{"start":{"line":174,"column":6},"end":{"line":174,"column":37}}]},"11":{"loc":{"start":{"line":186,"column":2},"end":{"line":197,"column":3}},"type":"if","locations":[{"start":{"line":186,"column":2},"end":{"line":197,"column":3}}]},"12":{"loc":{"start":{"line":186,"column":6},"end":{"line":188,"column":47}},"type":"binary-expr","locations":[{"start":{"line":186,"column":6},"end":{"line":186,"column":43}},{"start":{"line":187,"column":6},"end":{"line":187,"column":39}},{"start":{"line":188,"column":6},"end":{"line":188,"column":47}}]},"13":{"loc":{"start":{"line":200,"column":2},"end":{"line":210,"column":3}},"type":"if","locations":[{"start":{"line":200,"column":2},"end":{"line":210,"column":3}}]},"14":{"loc":{"start":{"line":200,"column":6},"end":{"line":201,"column":44}},"type":"binary-expr","locations":[{"start":{"line":200,"column":6},"end":{"line":200,"column":39}},{"start":{"line":201,"column":6},"end":{"line":201,"column":44}}]},"15":{"loc":{"start":{"line":216,"column":15},"end":{"line":218,"column":21}},"type":"cond-expr","locations":[{"start":{"line":217,"column":10},"end":{"line":217,"column":33}},{"start":{"line":218,"column":10},"end":{"line":218,"column":21}}]}},"s":{"0":1,"1":1,"2":1,"3":2,"4":2,"5":1,"6":1,"7":1,"8":1,"9":1,"10":1,"11":1,"12":1,"13":1,"14":1,"15":1,"16":1,"17":1,"18":1,"19":1,"20":1,"21":13,"22":13,"23":13,"24":13,"25":13,"26":13,"27":13,"28":13,"29":13,"30":0,"31":0,"32":13,"33":2,"34":2,"35":11,"36":1,"37":1,"38":10,"39":1,"40":1,"41":9,"42":1,"43":1,"44":8,"45":1,"46":1,"47":7,"48":1,"49":1,"50":6,"51":1,"52":1,"53":5,"54":1,"55":1,"56":4,"57":1,"58":1,"59":3,"60":1,"61":1,"62":2,"63":2,"64":2,"65":2},"f":{"0":2,"1":1,"2":1,"3":1,"4":1,"5":1,"6":13,"7":2},"b":{"0":[0],"1":[2],"2":[1],"3":[1],"4":[1],"5":[1],"6":[1],"7":[1],"8":[6,5,5],"9":[1],"10":[5,4,4,4],"11":[1],"12":[4,3,3],"13":[1],"14":[3,2],"15":[0,2]}}
,"/Users/janosoler/Desktop/XarxaTecActiva/Activa2025/appComidasSemana/src/models/validators.ts": {"path":"/Users/janosoler/Desktop/XarxaTecActiva/Activa2025/appComidasSemana/src/models/validators.ts","statementMap":{"0":{"start":{"line":4,"column":0},"end":{"line":4,"column":16}},"1":{"start":{"line":10,"column":0},"end":{"line":10,"column":16}},"2":{"start":{"line":15,"column":0},"end":{"line":15,"column":16}},"3":{"start":{"line":38,"column":0},"end":{"line":38,"column":16}},"4":{"start":{"line":57,"column":0},"end":{"line":57,"column":16}},"5":{"start":{"line":68,"column":0},"end":{"line":68,"column":16}},"6":{"start":{"line":74,"column":0},"end":{"line":74,"column":16}},"7":{"start":{"line":5,"column":21},"end":{"line":5,"column":49}},"8":{"start":{"line":6,"column":2},"end":{"line":6,"column":32}},"9":{"start":{"line":11,"column":2},"end":{"line":11,"column":30}},"10":{"start":{"line":16,"column":27},"end":{"line":16,"column":29}},"11":{"start":{"line":18,"column":2},"end":{"line":20,"column":3}},"12":{"start":{"line":19,"column":4},"end":{"line":19,"column":40}},"13":{"start":{"line":22,"column":2},"end":{"line":24,"column":3}},"14":{"start":{"line":23,"column":4},"end":{"line":23,"column":63}},"15":{"start":{"line":26,"column":2},"end":{"line":28,"column":3}},"16":{"start":{"line":27,"column":4},"end":{"line":27,"column":36}},"17":{"start":{"line":30,"column":2},"end":{"line":32,"column":3}},"18":{"start":{"line":31,"column":4},"end":{"line":31,"column":53}},"19":{"start":{"line":34,"column":2},"end":{"line":34,"column":16}},"20":{"start":{"line":39,"column":27},"end":{"line":39,"column":29}},"21":{"start":{"line":41,"column":2},"end":{"line":43,"column":3}},"22":{"start":{"line":42,"column":4},"end":{"line":42,"column":40}},"23":{"start":{"line":45,"column":2},"end":{"line":47,"column":3}},"24":{"start":{"line":46,"column":4},"end":{"line":46,"column":40}},"25":{"start":{"line":49,"column":2},"end":{"line":51,"column":3}},"26":{"start":{"line":50,"column":4},"end":{"line":50,"column":53}},"27":{"start":{"line":53,"column":2},"end":{"line":53,"column":16}},"28":{"start":{"line":58,"column":27},"end":{"line":58,"column":29}},"29":{"start":{"line":60,"column":2},"end":{"line":62,"column":3}},"30":{"start":{"line":61,"column":4},"end":{"line":61,"column":70}},"31":{"start":{"line":64,"column":2},"end":{"line":64,"column":16}},"32":{"start":{"line":69,"column":20},"end":{"line":69,"column":98}},"33":{"start":{"line":70,"column":2},"end":{"line":70,"column":47}},"34":{"start":{"line":75,"column":2},"end":{"line":75,"column":30}}},"fnMap":{"0":{"name":"isValidEmail","decl":{"start":{"line":4,"column":16},"end":{"line":4,"column":28}},"loc":{"start":{"line":4,"column":42},"end":{"line":7,"column":1}}},"1":{"name":"isValidPassword","decl":{"start":{"line":10,"column":16},"end":{"line":10,"column":31}},"loc":{"start":{"line":10,"column":48},"end":{"line":12,"column":1}}},"2":{"name":"validateCreateUser","decl":{"start":{"line":15,"column":16},"end":{"line":15,"column":34}},"loc":{"start":{"line":15,"column":54},"end":{"line":35,"column":1}}},"3":{"name":"validateUpdateUser","decl":{"start":{"line":38,"column":16},"end":{"line":38,"column":34}},"loc":{"start":{"line":38,"column":54},"end":{"line":54,"column":1}}},"4":{"name":"validatePreferences","decl":{"start":{"line":57,"column":16},"end":{"line":57,"column":35}},"loc":{"start":{"line":57,"column":55},"end":{"line":65,"column":1}}},"5":{"name":"isValidDayOfWeek","decl":{"start":{"line":68,"column":16},"end":{"line":68,"column":32}},"loc":{"start":{"line":68,"column":44},"end":{"line":71,"column":1}}},"6":{"name":"isValidNumberOfDishes","decl":{"start":{"line":74,"column":16},"end":{"line":74,"column":37}},"loc":{"start":{"line":74,"column":49},"end":{"line":76,"column":1}}}},"branchMap":{"0":{"loc":{"start":{"line":18,"column":2},"end":{"line":20,"column":3}},"type":"if","locations":[{"start":{"line":18,"column":2},"end":{"line":20,"column":3}}]},"1":{"loc":{"start":{"line":18,"column":6},"end":{"line":18,"column":46}},"type":"binary-expr","locations":[{"start":{"line":18,"column":6},"end":{"line":18,"column":17}},{"start":{"line":18,"column":21},"end":{"line":18,"column":46}}]},"2":{"loc":{"start":{"line":22,"column":2},"end":{"line":24,"column":3}},"type":"if","locations":[{"start":{"line":22,"column":2},"end":{"line":24,"column":3}}]},"3":{"loc":{"start":{"line":22,"column":6},"end":{"line":22,"column":55}},"type":"binary-expr","locations":[{"start":{"line":22,"column":6},"end":{"line":22,"column":20}},{"start":{"line":22,"column":24},"end":{"line":22,"column":55}}]},"4":{"loc":{"start":{"line":26,"column":2},"end":{"line":28,"column":3}},"type":"if","locations":[{"start":{"line":26,"column":2},"end":{"line":28,"column":3}}]},"5":{"loc":{"start":{"line":26,"column":6},"end":{"line":26,"column":49}},"type":"binary-expr","locations":[{"start":{"line":26,"column":6},"end":{"line":26,"column":16}},{"start":{"line":26,"column":20},"end":{"line":26,"column":49}}]},"6":{"loc":{"start":{"line":30,"column":2},"end":{"line":32,"column":3}},"type":"if","locations":[{"start":{"line":30,"column":2},"end":{"line":32,"column":3}}]},"7":{"loc":{"start":{"line":30,"column":6},"end":{"line":30,"column":64}},"type":"binary-expr","locations":[{"start":{"line":30,"column":6},"end":{"line":30,"column":38}},{"start":{"line":30,"column":42},"end":{"line":30,"column":64}}]},"8":{"loc":{"start":{"line":41,"column":2},"end":{"line":43,"column":3}},"type":"if","locations":[{"start":{"line":41,"column":2},"end":{"line":43,"column":3}}]},"9":{"loc":{"start":{"line":41,"column":6},"end":{"line":41,"column":59}},"type":"binary-expr","locations":[{"start":{"line":41,"column":6},"end":{"line":41,"column":30}},{"start":{"line":41,"column":34},"end":{"line":41,"column":59}}]},"10":{"loc":{"start":{"line":45,"column":2},"end":{"line":47,"column":3}},"type":"if","locations":[{"start":{"line":45,"column":2},"end":{"line":47,"column":3}}]},"11":{"loc":{"start":{"line":45,"column":6},"end":{"line":45,"column":62}},"type":"binary-expr","locations":[{"start":{"line":45,"column":6},"end":{"line":45,"column":29}},{"start":{"line":45,"column":33},"end":{"line":45,"column":62}}]},"12":{"loc":{"start":{"line":49,"column":2},"end":{"line":51,"column":3}},"type":"if","locations":[{"start":{"line":49,"column":2},"end":{"line":51,"column":3}}]},"13":{"loc":{"start":{"line":49,"column":6},"end":{"line":49,"column":64}},"type":"binary-expr","locations":[{"start":{"line":49,"column":6},"end":{"line":49,"column":38}},{"start":{"line":49,"column":42},"end":{"line":49,"column":64}}]},"14":{"loc":{"start":{"line":60,"column":2},"end":{"line":62,"column":3}},"type":"if","locations":[{"start":{"line":60,"column":2},"end":{"line":62,"column":3}}]},"15":{"loc":{"start":{"line":60,"column":6},"end":{"line":60,"column":46}},"type":"binary-expr","locations":[{"start":{"line":60,"column":6},"end":{"line":60,"column":17}},{"start":{"line":60,"column":21},"end":{"line":60,"column":46}}]},"16":{"loc":{"start":{"line":75,"column":9},"end":{"line":75,"column":29}},"type":"binary-expr","locations":[{"start":{"line":75,"column":9},"end":{"line":75,"column":17}},{"start":{"line":75,"column":21},"end":{"line":75,"column":29}}]}},"s":{"0":7,"1":7,"2":7,"3":7,"4":7,"5":7,"6":7,"7":35,"8":35,"9":26,"10":26,"11":26,"12":2,"13":26,"14":2,"15":26,"16":1,"17":26,"18":0,"19":26,"20":9,"21":9,"22":2,"23":9,"24":0,"25":9,"26":0,"27":9,"28":0,"29":0,"30":0,"31":0,"32":0,"33":0,"34":0},"f":{"0":35,"1":26,"2":26,"3":9,"4":0,"5":0,"6":0},"b":{"0":[2],"1":[26,26],"2":[2],"3":[26,26],"4":[1],"5":[26,25],"6":[0],"7":[26,20],"8":[2],"9":[9,6],"10":[0],"11":[9,3],"12":[0],"13":[9,2],"14":[0],"15":[0,0],"16":[0,0]}}
,"/Users/janosoler/Desktop/XarxaTecActiva/Activa2025/appComidasSemana/src/routes/auth.routes.ts": {"path":"/Users/janosoler/Desktop/XarxaTecActiva/Activa2025/appComidasSemana/src/routes/auth.routes.ts","statementMap":{"0":{"start":{"line":1,"column":0},"end":{"line":1,"column":28}},"1":{"start":{"line":2,"column":0},"end":{"line":2,"column":50}},"2":{"start":{"line":3,"column":0},"end":{"line":3,"column":50}},"3":{"start":{"line":6,"column":19},"end":{"line":6,"column":29}},"4":{"start":{"line":9,"column":0},"end":{"line":71,"column":3}},"5":{"start":{"line":10,"column":2},"end":{"line":70,"column":3}},"6":{"start":{"line":11,"column":17},"end":{"line":11,"column":35}},"7":{"start":{"line":12,"column":66},"end":{"line":12,"column":70}},"8":{"start":{"line":15,"column":4},"end":{"line":20,"column":5}},"9":{"start":{"line":16,"column":6},"end":{"line":19,"column":8}},"10":{"start":{"line":23,"column":36},"end":{"line":29,"column":6}},"11":{"start":{"line":31,"column":21},"end":{"line":31,"column":59}},"12":{"start":{"line":34,"column":18},"end":{"line":37,"column":6}},"13":{"start":{"line":40,"column":53},"end":{"line":40,"column":57}},"14":{"start":{"line":42,"column":4},"end":{"line":48,"column":6}},"15":{"start":{"line":50,"column":4},"end":{"line":50,"column":44}},"16":{"start":{"line":52,"column":4},"end":{"line":57,"column":5}},"17":{"start":{"line":53,"column":6},"end":{"line":56,"column":8}},"18":{"start":{"line":59,"column":4},"end":{"line":64,"column":5}},"19":{"start":{"line":60,"column":6},"end":{"line":63,"column":8}},"20":{"start":{"line":66,"column":4},"end":{"line":69,"column":6}},"21":{"start":{"line":74,"column":0},"end":{"line":106,"column":3}},"22":{"start":{"line":75,"column":2},"end":{"line":105,"column":3}},"23":{"start":{"line":76,"column":17},"end":{"line":76,"column":35}},"24":{"start":{"line":77,"column":32},"end":{"line":77,"column":36}},"25":{"start":{"line":80,"column":4},"end":{"line":85,"column":5}},"26":{"start":{"line":81,"column":6},"end":{"line":84,"column":8}},"27":{"start":{"line":88,"column":19},"end":{"line":88,"column":59}},"28":{"start":{"line":90,"column":4},"end":{"line":90,"column":31}},"29":{"start":{"line":92,"column":4},"end":{"line":92,"column":41}},"30":{"start":{"line":94,"column":4},"end":{"line":99,"column":5}},"31":{"start":{"line":95,"column":6},"end":{"line":98,"column":8}},"32":{"start":{"line":101,"column":4},"end":{"line":104,"column":6}},"33":{"start":{"line":109,"column":0},"end":{"line":112,"column":3}},"34":{"start":{"line":110,"column":17},"end":{"line":110,"column":37}},"35":{"start":{"line":111,"column":2},"end":{"line":111,"column":29}},"36":{"start":{"line":114,"column":0},"end":{"line":114,"column":26}}},"fnMap":{"0":{"name":"(anonymous_1)","decl":{"start":{"line":9,"column":29},"end":{"line":9,"column":34}},"loc":{"start":{"line":9,"column":41},"end":{"line":71,"column":1}}},"1":{"name":"(anonymous_2)","decl":{"start":{"line":74,"column":26},"end":{"line":74,"column":31}},"loc":{"start":{"line":74,"column":38},"end":{"line":106,"column":1}}},"2":{"name":"(anonymous_3)","decl":{"start":{"line":109,"column":27},"end":{"line":109,"column":32}},"loc":{"start":{"line":109,"column":39},"end":{"line":112,"column":1}}}},"branchMap":{"0":{"loc":{"start":{"line":15,"column":4},"end":{"line":20,"column":5}},"type":"if","locations":[{"start":{"line":15,"column":4},"end":{"line":20,"column":5}}]},"1":{"loc":{"start":{"line":15,"column":8},"end":{"line":15,"column":36}},"type":"binary-expr","locations":[{"start":{"line":15,"column":8},"end":{"line":15,"column":14}},{"start":{"line":15,"column":18},"end":{"line":15,"column":27}},{"start":{"line":15,"column":31},"end":{"line":15,"column":36}}]},"2":{"loc":{"start":{"line":27,"column":19},"end":{"line":27,"column":36}},"type":"binary-expr","locations":[{"start":{"line":27,"column":19},"end":{"line":27,"column":30}},{"start":{"line":27,"column":34},"end":{"line":27,"column":36}}]},"3":{"loc":{"start":{"line":28,"column":21},"end":{"line":28,"column":39}},"type":"binary-expr","locations":[{"start":{"line":28,"column":21},"end":{"line":28,"column":34}},{"start":{"line":28,"column":38},"end":{"line":28,"column":39}}]},"4":{"loc":{"start":{"line":52,"column":4},"end":{"line":57,"column":5}},"type":"if","locations":[{"start":{"line":52,"column":4},"end":{"line":57,"column":5}}]},"5":{"loc":{"start":{"line":59,"column":4},"end":{"line":64,"column":5}},"type":"if","locations":[{"start":{"line":59,"column":4},"end":{"line":64,"column":5}}]},"6":{"loc":{"start":{"line":80,"column":4},"end":{"line":85,"column":5}},"type":"if","locations":[{"start":{"line":80,"column":4},"end":{"line":85,"column":5}}]},"7":{"loc":{"start":{"line":80,"column":8},"end":{"line":80,"column":27}},"type":"binary-expr","locations":[{"start":{"line":80,"column":8},"end":{"line":80,"column":14}},{"start":{"line":80,"column":18},"end":{"line":80,"column":27}}]},"8":{"loc":{"start":{"line":94,"column":4},"end":{"line":99,"column":5}},"type":"if","locations":[{"start":{"line":94,"column":4},"end":{"line":99,"column":5}}]}},"s":{"0":1,"1":1,"2":1,"3":1,"4":1,"5":8,"6":8,"7":8,"8":8,"9":3,"10":5,"11":5,"12":2,"13":2,"14":2,"15":3,"16":3,"17":1,"18":2,"19":2,"20":0,"21":1,"22":5,"23":5,"24":5,"25":5,"26":2,"27":3,"28":1,"29":2,"30":2,"31":2,"32":0,"33":1,"34":1,"35":1,"36":1},"f":{"0":8,"1":5,"2":1},"b":{"0":[3],"1":[8,7,6],"2":[5,4],"3":[5,4],"4":[1],"5":[2],"6":[2],"7":[5,4],"8":[2]}}
,"/Users/janosoler/Desktop/XarxaTecActiva/Activa2025/appComidasSemana/src/routes/menuPlan.routes.ts": {"path":"/Users/janosoler/Desktop/XarxaTecActiva/Activa2025/appComidasSemana/src/routes/menuPlan.routes.ts","statementMap":{"0":{"start":{"line":1,"column":0},"end":{"line":1,"column":28}},"1":{"start":{"line":2,"column":0},"end":{"line":2,"column":52}},"2":{"start":{"line":3,"column":0},"end":{"line":3,"column":58}},"3":{"start":{"line":11,"column":23},"end":{"line":11,"column":59}},"4":{"start":{"line":14,"column":0},"end":{"line":14,"column":41}},"5":{"start":{"line":17,"column":0},"end":{"line":77,"column":3}},"6":{"start":{"line":18,"column":2},"end":{"line":76,"column":3}},"7":{"start":{"line":19,"column":19},"end":{"line":19,"column":34}},"8":{"start":{"line":20,"column":17},"end":{"line":20,"column":35}},"9":{"start":{"line":21,"column":66},"end":{"line":21,"column":70}},"10":{"start":{"line":24,"column":4},"end":{"line":29,"column":5}},"11":{"start":{"line":25,"column":6},"end":{"line":28,"column":8}},"12":{"start":{"line":32,"column":18},"end":{"line":32,"column":37}},"13":{"start":{"line":33,"column":16},"end":{"line":33,"column":33}},"14":{"start":{"line":35,"column":21},"end":{"line":42,"column":6}},"15":{"start":{"line":44,"column":4},"end":{"line":44,"column":37}},"16":{"start":{"line":46,"column":4},"end":{"line":46,"column":52}},"17":{"start":{"line":48,"column":4},"end":{"line":53,"column":5}},"18":{"start":{"line":49,"column":6},"end":{"line":52,"column":8}},"19":{"start":{"line":55,"column":4},"end":{"line":63,"column":5}},"20":{"start":{"line":59,"column":6},"end":{"line":62,"column":8}},"21":{"start":{"line":65,"column":4},"end":{"line":70,"column":5}},"22":{"start":{"line":66,"column":6},"end":{"line":69,"column":8}},"23":{"start":{"line":72,"column":4},"end":{"line":75,"column":6}},"24":{"start":{"line":80,"column":0},"end":{"line":110,"column":3}},"25":{"start":{"line":81,"column":2},"end":{"line":109,"column":3}},"26":{"start":{"line":82,"column":19},"end":{"line":82,"column":36}},"27":{"start":{"line":83,"column":19},"end":{"line":83,"column":34}},"28":{"start":{"line":85,"column":21},"end":{"line":85,"column":66}},"29":{"start":{"line":87,"column":4},"end":{"line":92,"column":5}},"30":{"start":{"line":88,"column":6},"end":{"line":91,"column":8}},"31":{"start":{"line":95,"column":4},"end":{"line":100,"column":5}},"32":{"start":{"line":96,"column":6},"end":{"line":99,"column":8}},"33":{"start":{"line":102,"column":4},"end":{"line":102,"column":37}},"34":{"start":{"line":104,"column":4},"end":{"line":104,"column":49}},"35":{"start":{"line":105,"column":4},"end":{"line":108,"column":6}},"36":{"start":{"line":113,"column":0},"end":{"line":174,"column":3}},"37":{"start":{"line":114,"column":2},"end":{"line":173,"column":3}},"38":{"start":{"line":115,"column":19},"end":{"line":115,"column":36}},"39":{"start":{"line":116,"column":19},"end":{"line":116,"column":40}},"40":{"start":{"line":117,"column":19},"end":{"line":117,"column":34}},"41":{"start":{"line":118,"column":17},"end":{"line":118,"column":35}},"42":{"start":{"line":119,"column":45},"end":{"line":119,"column":49}},"43":{"start":{"line":122,"column":21},"end":{"line":122,"column":66}},"44":{"start":{"line":124,"column":4},"end":{"line":129,"column":5}},"45":{"start":{"line":125,"column":6},"end":{"line":128,"column":8}},"46":{"start":{"line":131,"column":4},"end":{"line":136,"column":5}},"47":{"start":{"line":132,"column":6},"end":{"line":135,"column":8}},"48":{"start":{"line":138,"column":24},"end":{"line":142,"column":6}},"49":{"start":{"line":144,"column":4},"end":{"line":144,"column":46}},"50":{"start":{"line":146,"column":4},"end":{"line":146,"column":47}},"51":{"start":{"line":148,"column":4},"end":{"line":153,"column":5}},"52":{"start":{"line":149,"column":6},"end":{"line":152,"column":8}},"53":{"start":{"line":155,"column":4},"end":{"line":160,"column":5}},"54":{"start":{"line":156,"column":6},"end":{"line":159,"column":8}},"55":{"start":{"line":162,"column":4},"end":{"line":167,"column":5}},"56":{"start":{"line":163,"column":6},"end":{"line":166,"column":8}},"57":{"start":{"line":169,"column":4},"end":{"line":172,"column":6}},"58":{"start":{"line":177,"column":0},"end":{"line":217,"column":3}},"59":{"start":{"line":178,"column":2},"end":{"line":216,"column":3}},"60":{"start":{"line":179,"column":19},"end":{"line":179,"column":36}},"61":{"start":{"line":180,"column":19},"end":{"line":180,"column":34}},"62":{"start":{"line":183,"column":21},"end":{"line":183,"column":66}},"63":{"start":{"line":185,"column":4},"end":{"line":190,"column":5}},"64":{"start":{"line":186,"column":6},"end":{"line":189,"column":8}},"65":{"start":{"line":192,"column":4},"end":{"line":197,"column":5}},"66":{"start":{"line":193,"column":6},"end":{"line":196,"column":8}},"67":{"start":{"line":199,"column":26},"end":{"line":199,"column":71}},"68":{"start":{"line":201,"column":4},"end":{"line":201,"column":52}},"69":{"start":{"line":203,"column":4},"end":{"line":203,"column":53}},"70":{"start":{"line":205,"column":4},"end":{"line":210,"column":5}},"71":{"start":{"line":206,"column":6},"end":{"line":209,"column":8}},"72":{"start":{"line":212,"column":4},"end":{"line":215,"column":6}},"73":{"start":{"line":219,"column":0},"end":{"line":219,"column":30}}},"fnMap":{"0":{"name":"(anonymous_1)","decl":{"start":{"line":17,"column":25},"end":{"line":17,"column":30}},"loc":{"start":{"line":17,"column":37},"end":{"line":77,"column":1}}},"1":{"name":"(anonymous_2)","decl":{"start":{"line":80,"column":27},"end":{"line":80,"column":32}},"loc":{"start":{"line":80,"column":39},"end":{"line":110,"column":1}}},"2":{"name":"(anonymous_3)","decl":{"start":{"line":113,"column":41},"end":{"line":113,"column":46}},"loc":{"start":{"line":113,"column":53},"end":{"line":174,"column":1}}},"3":{"name":"(anonymous_4)","decl":{"start":{"line":177,"column":36},"end":{"line":177,"column":41}},"loc":{"start":{"line":177,"column":48},"end":{"line":217,"column":1}}}},"branchMap":{"0":{"loc":{"start":{"line":24,"column":4},"end":{"line":29,"column":5}},"type":"if","locations":[{"start":{"line":24,"column":4},"end":{"line":29,"column":5}}]},"1":{"loc":{"start":{"line":24,"column":8},"end":{"line":24,"column":53}},"type":"binary-expr","locations":[{"start":{"line":24,"column":8},"end":{"line":24,"column":18}},{"start":{"line":24,"column":22},"end":{"line":24,"column":30}},{"start":{"line":24,"column":34},"end":{"line":24,"column":39}},{"start":{"line":24,"column":43},"end":{"line":24,"column":53}}]},"2":{"loc":{"start":{"line":48,"column":4},"end":{"line":53,"column":5}},"type":"if","locations":[{"start":{"line":48,"column":4},"end":{"line":53,"column":5}}]},"3":{"loc":{"start":{"line":55,"column":4},"end":{"line":63,"column":5}},"type":"if","locations":[{"start":{"line":55,"column":4},"end":{"line":63,"column":5}}]},"4":{"loc":{"start":{"line":55,"column":8},"end":{"line":58,"column":39}},"type":"binary-expr","locations":[{"start":{"line":55,"column":8},"end":{"line":55,"column":67}},{"start":{"line":56,"column":8},"end":{"line":56,"column":41}},{"start":{"line":57,"column":8},"end":{"line":57,"column":41}},{"start":{"line":58,"column":8},"end":{"line":58,"column":39}}]},"5":{"loc":{"start":{"line":65,"column":4},"end":{"line":70,"column":5}},"type":"if","locations":[{"start":{"line":65,"column":4},"end":{"line":70,"column":5}}]},"6":{"loc":{"start":{"line":87,"column":4},"end":{"line":92,"column":5}},"type":"if","locations":[{"start":{"line":87,"column":4},"end":{"line":92,"column":5}}]},"7":{"loc":{"start":{"line":95,"column":4},"end":{"line":100,"column":5}},"type":"if","locations":[{"start":{"line":95,"column":4},"end":{"line":100,"column":5}}]},"8":{"loc":{"start":{"line":124,"column":4},"end":{"line":129,"column":5}},"type":"if","locations":[{"start":{"line":124,"column":4},"end":{"line":129,"column":5}}]},"9":{"loc":{"start":{"line":131,"column":4},"end":{"line":136,"column":5}},"type":"if","locations":[{"start":{"line":131,"column":4},"end":{"line":136,"column":5}}]},"10":{"loc":{"start":{"line":148,"column":4},"end":{"line":153,"column":5}},"type":"if","locations":[{"start":{"line":148,"column":4},"end":{"line":153,"column":5}}]},"11":{"loc":{"start":{"line":155,"column":4},"end":{"line":160,"column":5}},"type":"if","locations":[{"start":{"line":155,"column":4},"end":{"line":160,"column":5}}]},"12":{"loc":{"start":{"line":162,"column":4},"end":{"line":167,"column":5}},"type":"if","locations":[{"start":{"line":162,"column":4},"end":{"line":167,"column":5}}]},"13":{"loc":{"start":{"line":185,"column":4},"end":{"line":190,"column":5}},"type":"if","locations":[{"start":{"line":185,"column":4},"end":{"line":190,"column":5}}]},"14":{"loc":{"start":{"line":192,"column":4},"end":{"line":197,"column":5}},"type":"if","locations":[{"start":{"line":192,"column":4},"end":{"line":197,"column":5}}]},"15":{"loc":{"start":{"line":205,"column":4},"end":{"line":210,"column":5}},"type":"if","locations":[{"start":{"line":205,"column":4},"end":{"line":210,"column":5}}]}},"s":{"0":2,"1":2,"2":2,"3":2,"4":2,"5":2,"6":28,"7":28,"8":28,"9":28,"10":28,"11":1,"12":27,"13":27,"14":27,"15":26,"16":1,"17":1,"18":0,"19":1,"20":1,"21":0,"22":0,"23":0,"24":2,"25":3,"26":3,"27":3,"28":3,"29":3,"30":1,"31":2,"32":1,"33":1,"34":0,"35":0,"36":2,"37":2,"38":2,"39":2,"40":2,"41":2,"42":2,"43":2,"44":2,"45":0,"46":2,"47":1,"48":1,"49":1,"50":0,"51":0,"52":0,"53":0,"54":0,"55":0,"56":0,"57":0,"58":2,"59":12,"60":12,"61":12,"62":12,"63":12,"64":1,"65":11,"66":1,"67":10,"68":10,"69":0,"70":0,"71":0,"72":0,"73":2},"f":{"0":28,"1":3,"2":2,"3":12},"b":{"0":[1],"1":[28,28,27,27],"2":[0],"3":[1],"4":[1,0,0,0],"5":[0],"6":[1],"7":[1],"8":[0],"9":[1],"10":[0],"11":[0],"12":[0],"13":[1],"14":[1],"15":[0]}}
,"/Users/janosoler/Desktop/XarxaTecActiva/Activa2025/appComidasSemana/src/routes/shoppingList.routes.ts": {"path":"/Users/janosoler/Desktop/XarxaTecActiva/Activa2025/appComidasSemana/src/routes/shoppingList.routes.ts","statementMap":{"0":{"start":{"line":1,"column":0},"end":{"line":1,"column":28}},"1":{"start":{"line":2,"column":0},"end":{"line":2,"column":52}},"2":{"start":{"line":3,"column":0},"end":{"line":3,"column":46}},"3":{"start":{"line":4,"column":0},"end":{"line":4,"column":58}},"4":{"start":{"line":5,"column":0},"end":{"line":5,"column":58}},"5":{"start":{"line":12,"column":27},"end":{"line":12,"column":63}},"6":{"start":{"line":15,"column":0},"end":{"line":15,"column":45}},"7":{"start":{"line":18,"column":0},"end":{"line":90,"column":3}},"8":{"start":{"line":19,"column":2},"end":{"line":89,"column":3}},"9":{"start":{"line":20,"column":19},"end":{"line":20,"column":34}},"10":{"start":{"line":21,"column":17},"end":{"line":21,"column":35}},"11":{"start":{"line":22,"column":27},"end":{"line":22,"column":31}},"12":{"start":{"line":25,"column":4},"end":{"line":30,"column":5}},"13":{"start":{"line":26,"column":6},"end":{"line":29,"column":8}},"14":{"start":{"line":33,"column":21},"end":{"line":33,"column":70}},"15":{"start":{"line":35,"column":4},"end":{"line":40,"column":5}},"16":{"start":{"line":36,"column":6},"end":{"line":39,"column":8}},"17":{"start":{"line":43,"column":4},"end":{"line":48,"column":5}},"18":{"start":{"line":44,"column":6},"end":{"line":47,"column":8}},"19":{"start":{"line":51,"column":4},"end":{"line":56,"column":5}},"20":{"start":{"line":52,"column":6},"end":{"line":55,"column":8}},"21":{"start":{"line":59,"column":18},"end":{"line":59,"column":70}},"22":{"start":{"line":62,"column":25},"end":{"line":65,"column":6}},"23":{"start":{"line":67,"column":4},"end":{"line":67,"column":41}},"24":{"start":{"line":69,"column":4},"end":{"line":69,"column":56}},"25":{"start":{"line":71,"column":4},"end":{"line":76,"column":5}},"26":{"start":{"line":72,"column":6},"end":{"line":75,"column":8}},"27":{"start":{"line":78,"column":4},"end":{"line":83,"column":5}},"28":{"start":{"line":79,"column":6},"end":{"line":82,"column":8}},"29":{"start":{"line":85,"column":4},"end":{"line":88,"column":6}},"30":{"start":{"line":93,"column":0},"end":{"line":132,"column":3}},"31":{"start":{"line":94,"column":2},"end":{"line":131,"column":3}},"32":{"start":{"line":95,"column":19},"end":{"line":95,"column":36}},"33":{"start":{"line":96,"column":19},"end":{"line":96,"column":34}},"34":{"start":{"line":98,"column":25},"end":{"line":98,"column":74}},"35":{"start":{"line":100,"column":4},"end":{"line":105,"column":5}},"36":{"start":{"line":101,"column":6},"end":{"line":104,"column":8}},"37":{"start":{"line":108,"column":21},"end":{"line":108,"column":83}},"38":{"start":{"line":110,"column":4},"end":{"line":115,"column":5}},"39":{"start":{"line":111,"column":6},"end":{"line":114,"column":8}},"40":{"start":{"line":117,"column":4},"end":{"line":122,"column":5}},"41":{"start":{"line":118,"column":6},"end":{"line":121,"column":8}},"42":{"start":{"line":124,"column":4},"end":{"line":124,"column":41}},"43":{"start":{"line":126,"column":4},"end":{"line":126,"column":53}},"44":{"start":{"line":127,"column":4},"end":{"line":130,"column":6}},"45":{"start":{"line":134,"column":0},"end":{"line":134,"column":34}}},"fnMap":{"0":{"name":"(anonymous_1)","decl":{"start":{"line":18,"column":29},"end":{"line":18,"column":34}},"loc":{"start":{"line":18,"column":41},"end":{"line":90,"column":1}}},"1":{"name":"(anonymous_2)","decl":{"start":{"line":93,"column":31},"end":{"line":93,"column":36}},"loc":{"start":{"line":93,"column":43},"end":{"line":132,"column":1}}}},"branchMap":{"0":{"loc":{"start":{"line":25,"column":4},"end":{"line":30,"column":5}},"type":"if","locations":[{"start":{"line":25,"column":4},"end":{"line":30,"column":5}}]},"1":{"loc":{"start":{"line":35,"column":4},"end":{"line":40,"column":5}},"type":"if","locations":[{"start":{"line":35,"column":4},"end":{"line":40,"column":5}}]},"2":{"loc":{"start":{"line":43,"column":4},"end":{"line":48,"column":5}},"type":"if","locations":[{"start":{"line":43,"column":4},"end":{"line":48,"column":5}}]},"3":{"loc":{"start":{"line":51,"column":4},"end":{"line":56,"column":5}},"type":"if","locations":[{"start":{"line":51,"column":4},"end":{"line":56,"column":5}}]},"4":{"loc":{"start":{"line":71,"column":4},"end":{"line":76,"column":5}},"type":"if","locations":[{"start":{"line":71,"column":4},"end":{"line":76,"column":5}}]},"5":{"loc":{"start":{"line":78,"column":4},"end":{"line":83,"column":5}},"type":"if","locations":[{"start":{"line":78,"column":4},"end":{"line":83,"column":5}}]},"6":{"loc":{"start":{"line":100,"column":4},"end":{"line":105,"column":5}},"type":"if","locations":[{"start":{"line":100,"column":4},"end":{"line":105,"column":5}}]},"7":{"loc":{"start":{"line":110,"column":4},"end":{"line":115,"column":5}},"type":"if","locations":[{"start":{"line":110,"column":4},"end":{"line":115,"column":5}}]},"8":{"loc":{"start":{"line":117,"column":4},"end":{"line":122,"column":5}},"type":"if","locations":[{"start":{"line":117,"column":4},"end":{"line":122,"column":5}}]}},"s":{"0":1,"1":1,"2":1,"3":1,"4":1,"5":1,"6":1,"7":1,"8":8,"9":8,"10":8,"11":8,"12":8,"13":1,"14":7,"15":7,"16":1,"17":6,"18":0,"19":6,"20":1,"21":5,"22":5,"23":5,"24":0,"25":0,"26":0,"27":0,"28":0,"29":0,"30":1,"31":3,"32":3,"33":3,"34":3,"35":3,"36":1,"37":2,"38":2,"39":0,"40":2,"41":1,"42":1,"43":0,"44":0,"45":1},"f":{"0":8,"1":3},"b":{"0":[1],"1":[1],"2":[0],"3":[1],"4":[0],"5":[0],"6":[1],"7":[0],"8":[1]}}
,"/Users/janosoler/Desktop/XarxaTecActiva/Activa2025/appComidasSemana/src/routes/user.routes.ts": {"path":"/Users/janosoler/Desktop/XarxaTecActiva/Activa2025/appComidasSemana/src/routes/user.routes.ts","statementMap":{"0":{"start":{"line":1,"column":0},"end":{"line":1,"column":28}},"1":{"start":{"line":2,"column":0},"end":{"line":2,"column":52}},"2":{"start":{"line":3,"column":0},"end":{"line":3,"column":50}},"3":{"start":{"line":10,"column":19},"end":{"line":10,"column":55}},"4":{"start":{"line":13,"column":0},"end":{"line":13,"column":37}},"5":{"start":{"line":16,"column":0},"end":{"line":48,"column":3}},"6":{"start":{"line":17,"column":2},"end":{"line":47,"column":3}},"7":{"start":{"line":18,"column":19},"end":{"line":18,"column":36}},"8":{"start":{"line":19,"column":32},"end":{"line":19,"column":47}},"9":{"start":{"line":22,"column":4},"end":{"line":27,"column":5}},"10":{"start":{"line":23,"column":6},"end":{"line":26,"column":8}},"11":{"start":{"line":29,"column":17},"end":{"line":29,"column":54}},"12":{"start":{"line":31,"column":4},"end":{"line":36,"column":5}},"13":{"start":{"line":32,"column":6},"end":{"line":35,"column":8}},"14":{"start":{"line":39,"column":53},"end":{"line":39,"column":57}},"15":{"start":{"line":40,"column":4},"end":{"line":40,"column":54}},"16":{"start":{"line":42,"column":4},"end":{"line":42,"column":44}},"17":{"start":{"line":43,"column":4},"end":{"line":46,"column":6}},"18":{"start":{"line":51,"column":0},"end":{"line":114,"column":3}},"19":{"start":{"line":52,"column":2},"end":{"line":113,"column":3}},"20":{"start":{"line":53,"column":19},"end":{"line":53,"column":36}},"21":{"start":{"line":54,"column":32},"end":{"line":54,"column":47}},"22":{"start":{"line":57,"column":4},"end":{"line":62,"column":5}},"23":{"start":{"line":58,"column":6},"end":{"line":61,"column":8}},"24":{"start":{"line":64,"column":17},"end":{"line":64,"column":35}},"25":{"start":{"line":65,"column":43},"end":{"line":65,"column":47}},"26":{"start":{"line":68,"column":4},"end":{"line":73,"column":5}},"27":{"start":{"line":69,"column":6},"end":{"line":72,"column":8}},"28":{"start":{"line":75,"column":28},"end":{"line":75,"column":30}},"29":{"start":{"line":76,"column":4},"end":{"line":76,"column":40}},"30":{"start":{"line":76,"column":15},"end":{"line":76,"column":40}},"31":{"start":{"line":77,"column":4},"end":{"line":77,"column":37}},"32":{"start":{"line":77,"column":14},"end":{"line":77,"column":37}},"33":{"start":{"line":78,"column":4},"end":{"line":78,"column":78}},"34":{"start":{"line":78,"column":37},"end":{"line":78,"column":78}},"35":{"start":{"line":80,"column":24},"end":{"line":80,"column":72}},"36":{"start":{"line":83,"column":53},"end":{"line":83,"column":64}},"37":{"start":{"line":84,"column":4},"end":{"line":84,"column":54}},"38":{"start":{"line":86,"column":4},"end":{"line":86,"column":47}},"39":{"start":{"line":88,"column":4},"end":{"line":93,"column":5}},"40":{"start":{"line":89,"column":6},"end":{"line":92,"column":8}},"41":{"start":{"line":95,"column":4},"end":{"line":100,"column":5}},"42":{"start":{"line":96,"column":6},"end":{"line":99,"column":8}},"43":{"start":{"line":102,"column":4},"end":{"line":107,"column":5}},"44":{"start":{"line":103,"column":6},"end":{"line":106,"column":8}},"45":{"start":{"line":109,"column":4},"end":{"line":112,"column":6}},"46":{"start":{"line":117,"column":0},"end":{"line":160,"column":3}},"47":{"start":{"line":118,"column":2},"end":{"line":159,"column":3}},"48":{"start":{"line":119,"column":19},"end":{"line":119,"column":36}},"49":{"start":{"line":120,"column":32},"end":{"line":120,"column":47}},"50":{"start":{"line":123,"column":4},"end":{"line":128,"column":5}},"51":{"start":{"line":124,"column":6},"end":{"line":127,"column":8}},"52":{"start":{"line":130,"column":17},"end":{"line":130,"column":35}},"53":{"start":{"line":131,"column":28},"end":{"line":131,"column":32}},"54":{"start":{"line":133,"column":4},"end":{"line":138,"column":5}},"55":{"start":{"line":134,"column":6},"end":{"line":137,"column":8}},"56":{"start":{"line":140,"column":24},"end":{"line":140,"column":80}},"57":{"start":{"line":143,"column":53},"end":{"line":143,"column":64}},"58":{"start":{"line":144,"column":4},"end":{"line":144,"column":54}},"59":{"start":{"line":146,"column":4},"end":{"line":146,"column":54}},"60":{"start":{"line":148,"column":4},"end":{"line":153,"column":5}},"61":{"start":{"line":149,"column":6},"end":{"line":152,"column":8}},"62":{"start":{"line":155,"column":4},"end":{"line":158,"column":6}},"63":{"start":{"line":163,"column":0},"end":{"line":194,"column":3}},"64":{"start":{"line":164,"column":2},"end":{"line":193,"column":3}},"65":{"start":{"line":165,"column":19},"end":{"line":165,"column":36}},"66":{"start":{"line":166,"column":32},"end":{"line":166,"column":47}},"67":{"start":{"line":169,"column":4},"end":{"line":174,"column":5}},"68":{"start":{"line":170,"column":6},"end":{"line":173,"column":8}},"69":{"start":{"line":176,"column":4},"end":{"line":176,"column":41}},"70":{"start":{"line":178,"column":4},"end":{"line":178,"column":65}},"71":{"start":{"line":180,"column":4},"end":{"line":180,"column":47}},"72":{"start":{"line":182,"column":4},"end":{"line":187,"column":5}},"73":{"start":{"line":183,"column":6},"end":{"line":186,"column":8}},"74":{"start":{"line":189,"column":4},"end":{"line":192,"column":6}},"75":{"start":{"line":196,"column":0},"end":{"line":196,"column":26}}},"fnMap":{"0":{"name":"(anonymous_1)","decl":{"start":{"line":16,"column":23},"end":{"line":16,"column":28}},"loc":{"start":{"line":16,"column":35},"end":{"line":48,"column":1}}},"1":{"name":"(anonymous_2)","decl":{"start":{"line":51,"column":23},"end":{"line":51,"column":28}},"loc":{"start":{"line":51,"column":35},"end":{"line":114,"column":1}}},"2":{"name":"(anonymous_3)","decl":{"start":{"line":117,"column":35},"end":{"line":117,"column":40}},"loc":{"start":{"line":117,"column":47},"end":{"line":160,"column":1}}},"3":{"name":"(anonymous_4)","decl":{"start":{"line":163,"column":26},"end":{"line":163,"column":31}},"loc":{"start":{"line":163,"column":38},"end":{"line":194,"column":1}}}},"branchMap":{"0":{"loc":{"start":{"line":22,"column":4},"end":{"line":27,"column":5}},"type":"if","locations":[{"start":{"line":22,"column":4},"end":{"line":27,"column":5}}]},"1":{"loc":{"start":{"line":31,"column":4},"end":{"line":36,"column":5}},"type":"if","locations":[{"start":{"line":31,"column":4},"end":{"line":36,"column":5}}]},"2":{"loc":{"start":{"line":57,"column":4},"end":{"line":62,"column":5}},"type":"if","locations":[{"start":{"line":57,"column":4},"end":{"line":62,"column":5}}]},"3":{"loc":{"start":{"line":68,"column":4},"end":{"line":73,"column":5}},"type":"if","locations":[{"start":{"line":68,"column":4},"end":{"line":73,"column":5}}]},"4":{"loc":{"start":{"line":68,"column":8},"end":{"line":68,"column":54}},"type":"binary-expr","locations":[{"start":{"line":68,"column":8},"end":{"line":68,"column":14}},{"start":{"line":68,"column":18},"end":{"line":68,"column":23}},{"start":{"line":68,"column":27},"end":{"line":68,"column":54}}]},"5":{"loc":{"start":{"line":76,"column":4},"end":{"line":76,"column":40}},"type":"if","locations":[{"start":{"line":76,"column":4},"end":{"line":76,"column":40}}]},"6":{"loc":{"start":{"line":77,"column":4},"end":{"line":77,"column":37}},"type":"if","locations":[{"start":{"line":77,"column":4},"end":{"line":77,"column":37}}]},"7":{"loc":{"start":{"line":78,"column":4},"end":{"line":78,"column":78}},"type":"if","locations":[{"start":{"line":78,"column":4},"end":{"line":78,"column":78}}]},"8":{"loc":{"start":{"line":88,"column":4},"end":{"line":93,"column":5}},"type":"if","locations":[{"start":{"line":88,"column":4},"end":{"line":93,"column":5}}]},"9":{"loc":{"start":{"line":95,"column":4},"end":{"line":100,"column":5}},"type":"if","locations":[{"start":{"line":95,"column":4},"end":{"line":100,"column":5}}]},"10":{"loc":{"start":{"line":102,"column":4},"end":{"line":107,"column":5}},"type":"if","locations":[{"start":{"line":102,"column":4},"end":{"line":107,"column":5}}]},"11":{"loc":{"start":{"line":123,"column":4},"end":{"line":128,"column":5}},"type":"if","locations":[{"start":{"line":123,"column":4},"end":{"line":128,"column":5}}]},"12":{"loc":{"start":{"line":133,"column":4},"end":{"line":138,"column":5}},"type":"if","locations":[{"start":{"line":133,"column":4},"end":{"line":138,"column":5}}]},"13":{"loc":{"start":{"line":148,"column":4},"end":{"line":153,"column":5}},"type":"if","locations":[{"start":{"line":148,"column":4},"end":{"line":153,"column":5}}]},"14":{"loc":{"start":{"line":169,"column":4},"end":{"line":174,"column":5}},"type":"if","locations":[{"start":{"line":169,"column":4},"end":{"line":174,"column":5}}]},"15":{"loc":{"start":{"line":182,"column":4},"end":{"line":187,"column":5}},"type":"if","locations":[{"start":{"line":182,"column":4},"end":{"line":187,"column":5}}]}},"s":{"0":1,"1":1,"2":1,"3":1,"4":1,"5":1,"6":3,"7":3,"8":3,"9":3,"10":1,"11":2,"12":2,"13":1,"14":1,"15":1,"16":0,"17":0,"18":1,"19":6,"20":6,"21":6,"22":6,"23":1,"24":5,"25":5,"26":5,"27":1,"28":4,"29":4,"30":3,"31":4,"32":1,"33":4,"34":1,"35":4,"36":2,"37":2,"38":2,"39":2,"40":0,"41":2,"42":1,"43":1,"44":1,"45":0,"46":1,"47":4,"48":4,"49":4,"50":4,"51":1,"52":3,"53":3,"54":3,"55":1,"56":2,"57":2,"58":2,"59":0,"60":0,"61":0,"62":0,"63":1,"64":2,"65":2,"66":2,"67":2,"68":1,"69":1,"70":1,"71":0,"72":0,"73":0,"74":0,"75":1},"f":{"0":3,"1":6,"2":4,"3":2},"b":{"0":[1],"1":[1],"2":[1],"3":[1],"4":[5,2,1],"5":[3],"6":[1],"7":[1],"8":[0],"9":[1],"10":[1],"11":[1],"12":[1],"13":[0],"14":[1],"15":[0]}}
,"/Users/janosoler/Desktop/XarxaTecActiva/Activa2025/appComidasSemana/src/services/AIService.ts": {"path":"/Users/janosoler/Desktop/XarxaTecActiva/Activa2025/appComidasSemana/src/services/AIService.ts","statementMap":{"0":{"start":{"line":1,"column":0},"end":{"line":1,"column":28}},"1":{"start":{"line":4,"column":15},"end":{"line":6,"column":2}},"2":{"start":{"line":32,"column":19},"end":{"line":32,"column":94}},"3":{"start":{"line":34,"column":4},"end":{"line":69,"column":5}},"4":{"start":{"line":35,"column":25},"end":{"line":49,"column":8}},"5":{"start":{"line":51,"column":22},"end":{"line":51,"column":61}},"6":{"start":{"line":52,"column":6},"end":{"line":54,"column":7}},"7":{"start":{"line":53,"column":8},"end":{"line":53,"column":51}},"8":{"start":{"line":56,"column":6},"end":{"line":56,"column":51}},"9":{"start":{"line":58,"column":6},"end":{"line":58,"column":60}},"10":{"start":{"line":60,"column":6},"end":{"line":62,"column":7}},"11":{"start":{"line":61,"column":8},"end":{"line":61,"column":66}},"12":{"start":{"line":64,"column":6},"end":{"line":66,"column":7}},"13":{"start":{"line":65,"column":8},"end":{"line":65,"column":70}},"14":{"start":{"line":68,"column":6},"end":{"line":68,"column":49}},"15":{"start":{"line":76,"column":19},"end":{"line":76,"column":53}},"16":{"start":{"line":78,"column":4},"end":{"line":113,"column":5}},"17":{"start":{"line":79,"column":25},"end":{"line":93,"column":8}},"18":{"start":{"line":95,"column":22},"end":{"line":95,"column":61}},"19":{"start":{"line":96,"column":6},"end":{"line":98,"column":7}},"20":{"start":{"line":97,"column":8},"end":{"line":97,"column":51}},"21":{"start":{"line":100,"column":6},"end":{"line":100,"column":51}},"22":{"start":{"line":102,"column":6},"end":{"line":102,"column":55}},"23":{"start":{"line":104,"column":6},"end":{"line":106,"column":7}},"24":{"start":{"line":105,"column":8},"end":{"line":105,"column":66}},"25":{"start":{"line":108,"column":6},"end":{"line":110,"column":7}},"26":{"start":{"line":109,"column":8},"end":{"line":109,"column":70}},"27":{"start":{"line":112,"column":6},"end":{"line":112,"column":51}},"28":{"start":{"line":120,"column":19},"end":{"line":120,"column":54}},"29":{"start":{"line":122,"column":4},"end":{"line":157,"column":5}},"30":{"start":{"line":123,"column":25},"end":{"line":137,"column":8}},"31":{"start":{"line":139,"column":22},"end":{"line":139,"column":61}},"32":{"start":{"line":140,"column":6},"end":{"line":142,"column":7}},"33":{"start":{"line":141,"column":8},"end":{"line":141,"column":51}},"34":{"start":{"line":144,"column":6},"end":{"line":144,"column":53}},"35":{"start":{"line":146,"column":6},"end":{"line":146,"column":62}},"36":{"start":{"line":148,"column":6},"end":{"line":150,"column":7}},"37":{"start":{"line":149,"column":8},"end":{"line":149,"column":66}},"38":{"start":{"line":152,"column":6},"end":{"line":154,"column":7}},"39":{"start":{"line":153,"column":8},"end":{"line":153,"column":70}},"40":{"start":{"line":156,"column":6},"end":{"line":156,"column":58}},"41":{"start":{"line":168,"column":4},"end":{"line":201,"column":2}},"42":{"start":{"line":205,"column":23},"end":{"line":207,"column":16}},"43":{"start":{"line":206,"column":6},"end":{"line":206,"column":62}},"44":{"start":{"line":209,"column":4},"end":{"line":233,"column":2}},"45":{"start":{"line":237,"column":22},"end":{"line":237,"column":56}},"46":{"start":{"line":237,"column":44},"end":{"line":237,"column":55}},"47":{"start":{"line":238,"column":23},"end":{"line":240,"column":16}},"48":{"start":{"line":239,"column":6},"end":{"line":239,"column":52}},"49":{"start":{"line":242,"column":4},"end":{"line":265,"column":2}},"50":{"start":{"line":269,"column":4},"end":{"line":286,"column":5}},"51":{"start":{"line":271,"column":24},"end":{"line":271,"column":52}},"52":{"start":{"line":272,"column":6},"end":{"line":274,"column":7}},"53":{"start":{"line":273,"column":8},"end":{"line":273,"column":53}},"54":{"start":{"line":276,"column":21},"end":{"line":276,"column":45}},"55":{"start":{"line":278,"column":6},"end":{"line":280,"column":7}},"56":{"start":{"line":279,"column":8},"end":{"line":279,"column":72}},"57":{"start":{"line":282,"column":6},"end":{"line":282,"column":26}},"58":{"start":{"line":284,"column":6},"end":{"line":284,"column":66}},"59":{"start":{"line":285,"column":6},"end":{"line":285,"column":53}},"60":{"start":{"line":290,"column":4},"end":{"line":306,"column":5}},"61":{"start":{"line":291,"column":24},"end":{"line":291,"column":52}},"62":{"start":{"line":292,"column":6},"end":{"line":294,"column":7}},"63":{"start":{"line":293,"column":8},"end":{"line":293,"column":53}},"64":{"start":{"line":296,"column":21},"end":{"line":296,"column":45}},"65":{"start":{"line":298,"column":6},"end":{"line":300,"column":7}},"66":{"start":{"line":299,"column":8},"end":{"line":299,"column":73}},"67":{"start":{"line":302,"column":6},"end":{"line":302,"column":27}},"68":{"start":{"line":304,"column":6},"end":{"line":304,"column":66}},"69":{"start":{"line":305,"column":6},"end":{"line":305,"column":53}},"70":{"start":{"line":310,"column":4},"end":{"line":326,"column":5}},"71":{"start":{"line":311,"column":24},"end":{"line":311,"column":52}},"72":{"start":{"line":312,"column":6},"end":{"line":314,"column":7}},"73":{"start":{"line":313,"column":8},"end":{"line":313,"column":53}},"74":{"start":{"line":316,"column":21},"end":{"line":316,"column":45}},"75":{"start":{"line":318,"column":6},"end":{"line":320,"column":7}},"76":{"start":{"line":319,"column":8},"end":{"line":319,"column":72}},"77":{"start":{"line":322,"column":6},"end":{"line":322,"column":26}},"78":{"start":{"line":324,"column":6},"end":{"line":324,"column":68}},"79":{"start":{"line":325,"column":6},"end":{"line":325,"column":53}},"80":{"start":{"line":330,"column":0},"end":{"line":330,"column":31}}},"fnMap":{"0":{"name":"(anonymous_1)","decl":{"start":{"line":26,"column":2},"end":{"line":26,"column":7}},"loc":{"start":{"line":30,"column":37},"end":{"line":70,"column":3}}},"1":{"name":"(anonymous_2)","decl":{"start":{"line":75,"column":2},"end":{"line":75,"column":7}},"loc":{"start":{"line":75,"column":49},"end":{"line":114,"column":3}}},"2":{"name":"(anonymous_3)","decl":{"start":{"line":119,"column":2},"end":{"line":119,"column":7}},"loc":{"start":{"line":119,"column":42},"end":{"line":158,"column":3}}},"3":{"name":"(anonymous_4)","decl":{"start":{"line":162,"column":10},"end":{"line":162,"column":31}},"loc":{"start":{"line":166,"column":37},"end":{"line":202,"column":3}}},"4":{"name":"(anonymous_5)","decl":{"start":{"line":204,"column":10},"end":{"line":204,"column":31}},"loc":{"start":{"line":204,"column":58},"end":{"line":234,"column":3}}},"5":{"name":"(anonymous_6)","decl":{"start":{"line":205,"column":41},"end":{"line":205,"column":42}},"loc":{"start":{"line":206,"column":6},"end":{"line":206,"column":62}}},"6":{"name":"(anonymous_7)","decl":{"start":{"line":236,"column":10},"end":{"line":236,"column":33}},"loc":{"start":{"line":236,"column":47},"end":{"line":266,"column":3}}},"7":{"name":"(anonymous_8)","decl":{"start":{"line":237,"column":36},"end":{"line":237,"column":40}},"loc":{"start":{"line":237,"column":44},"end":{"line":237,"column":55}}},"8":{"name":"(anonymous_9)","decl":{"start":{"line":238,"column":37},"end":{"line":238,"column":41}},"loc":{"start":{"line":239,"column":6},"end":{"line":239,"column":52}}},"9":{"name":"(anonymous_10)","decl":{"start":{"line":268,"column":10},"end":{"line":268,"column":33}},"loc":{"start":{"line":268,"column":49},"end":{"line":287,"column":3}}},"10":{"name":"(anonymous_11)","decl":{"start":{"line":289,"column":10},"end":{"line":289,"column":33}},"loc":{"start":{"line":289,"column":49},"end":{"line":307,"column":3}}},"11":{"name":"(anonymous_12)","decl":{"start":{"line":309,"column":10},"end":{"line":309,"column":35}},"loc":{"start":{"line":309,"column":51},"end":{"line":327,"column":3}}}},"branchMap":{"0":{"loc":{"start":{"line":52,"column":6},"end":{"line":54,"column":7}},"type":"if","locations":[{"start":{"line":52,"column":6},"end":{"line":54,"column":7}}]},"1":{"loc":{"start":{"line":60,"column":6},"end":{"line":62,"column":7}},"type":"if","locations":[{"start":{"line":60,"column":6},"end":{"line":62,"column":7}}]},"2":{"loc":{"start":{"line":60,"column":10},"end":{"line":60,"column":77}},"type":"binary-expr","locations":[{"start":{"line":60,"column":10},"end":{"line":60,"column":39}},{"start":{"line":60,"column":43},"end":{"line":60,"column":77}}]},"3":{"loc":{"start":{"line":64,"column":6},"end":{"line":66,"column":7}},"type":"if","locations":[{"start":{"line":64,"column":6},"end":{"line":66,"column":7}}]},"4":{"loc":{"start":{"line":96,"column":6},"end":{"line":98,"column":7}},"type":"if","locations":[{"start":{"line":96,"column":6},"end":{"line":98,"column":7}}]},"5":{"loc":{"start":{"line":104,"column":6},"end":{"line":106,"column":7}},"type":"if","locations":[{"start":{"line":104,"column":6},"end":{"line":106,"column":7}}]},"6":{"loc":{"start":{"line":104,"column":10},"end":{"line":104,"column":77}},"type":"binary-expr","locations":[{"start":{"line":104,"column":10},"end":{"line":104,"column":39}},{"start":{"line":104,"column":43},"end":{"line":104,"column":77}}]},"7":{"loc":{"start":{"line":108,"column":6},"end":{"line":110,"column":7}},"type":"if","locations":[{"start":{"line":108,"column":6},"end":{"line":110,"column":7}}]},"8":{"loc":{"start":{"line":140,"column":6},"end":{"line":142,"column":7}},"type":"if","locations":[{"start":{"line":140,"column":6},"end":{"line":142,"column":7}}]},"9":{"loc":{"start":{"line":148,"column":6},"end":{"line":150,"column":7}},"type":"if","locations":[{"start":{"line":148,"column":6},"end":{"line":150,"column":7}}]},"10":{"loc":{"start":{"line":148,"column":10},"end":{"line":148,"column":77}},"type":"binary-expr","locations":[{"start":{"line":148,"column":10},"end":{"line":148,"column":39}},{"start":{"line":148,"column":43},"end":{"line":148,"column":77}}]},"11":{"loc":{"start":{"line":152,"column":6},"end":{"line":154,"column":7}},"type":"if","locations":[{"start":{"line":152,"column":6},"end":{"line":154,"column":7}}]},"12":{"loc":{"start":{"line":171,"column":28},"end":{"line":171,"column":73}},"type":"binary-expr","locations":[{"start":{"line":171,"column":28},"end":{"line":171,"column":39}},{"start":{"line":171,"column":43},"end":{"line":171,"column":73}}]},"13":{"loc":{"start":{"line":206,"column":18},"end":{"line":206,"column":60}},"type":"cond-expr","locations":[{"start":{"line":206,"column":34},"end":{"line":206,"column":55}},{"start":{"line":206,"column":58},"end":{"line":206,"column":60}}]},"14":{"loc":{"start":{"line":213,"column":26},"end":{"line":213,"column":78}},"type":"binary-expr","locations":[{"start":{"line":213,"column":26},"end":{"line":213,"column":44}},{"start":{"line":213,"column":48},"end":{"line":213,"column":78}}]},"15":{"loc":{"start":{"line":272,"column":6},"end":{"line":274,"column":7}},"type":"if","locations":[{"start":{"line":272,"column":6},"end":{"line":274,"column":7}}]},"16":{"loc":{"start":{"line":278,"column":6},"end":{"line":280,"column":7}},"type":"if","locations":[{"start":{"line":278,"column":6},"end":{"line":280,"column":7}}]},"17":{"loc":{"start":{"line":278,"column":10},"end":{"line":278,"column":55}},"type":"binary-expr","locations":[{"start":{"line":278,"column":10},"end":{"line":278,"column":23}},{"start":{"line":278,"column":27},"end":{"line":278,"column":55}}]},"18":{"loc":{"start":{"line":292,"column":6},"end":{"line":294,"column":7}},"type":"if","locations":[{"start":{"line":292,"column":6},"end":{"line":294,"column":7}}]},"19":{"loc":{"start":{"line":298,"column":6},"end":{"line":300,"column":7}},"type":"if","locations":[{"start":{"line":298,"column":6},"end":{"line":300,"column":7}}]},"20":{"loc":{"start":{"line":298,"column":10},"end":{"line":298,"column":57}},"type":"binary-expr","locations":[{"start":{"line":298,"column":10},"end":{"line":298,"column":24}},{"start":{"line":298,"column":28},"end":{"line":298,"column":57}}]},"21":{"loc":{"start":{"line":312,"column":6},"end":{"line":314,"column":7}},"type":"if","locations":[{"start":{"line":312,"column":6},"end":{"line":314,"column":7}}]},"22":{"loc":{"start":{"line":318,"column":6},"end":{"line":320,"column":7}},"type":"if","locations":[{"start":{"line":318,"column":6},"end":{"line":320,"column":7}}]},"23":{"loc":{"start":{"line":318,"column":10},"end":{"line":318,"column":55}},"type":"binary-expr","locations":[{"start":{"line":318,"column":10},"end":{"line":318,"column":23}},{"start":{"line":318,"column":27},"end":{"line":318,"column":55}}]}},"s":{"0":4,"1":4,"2":8,"3":8,"4":8,"5":5,"6":5,"7":1,"8":4,"9":6,"10":6,"11":1,"12":5,"13":1,"14":4,"15":6,"16":6,"17":6,"18":4,"19":4,"20":1,"21":3,"22":4,"23":4,"24":1,"25":3,"26":0,"27":3,"28":6,"29":6,"30":6,"31":5,"32":5,"33":1,"34":4,"35":3,"36":3,"37":0,"38":3,"39":1,"40":2,"41":8,"42":6,"43":7,"44":6,"45":6,"46":6,"47":6,"48":3,"49":6,"50":4,"51":4,"52":4,"53":1,"54":3,"55":3,"56":1,"57":2,"58":2,"59":2,"60":3,"61":3,"62":3,"63":0,"64":3,"65":3,"66":1,"67":2,"68":1,"69":1,"70":4,"71":4,"72":4,"73":0,"74":4,"75":4,"76":1,"77":3,"78":1,"79":1,"80":4},"f":{"0":8,"1":6,"2":6,"3":8,"4":6,"5":7,"6":6,"7":6,"8":3,"9":4,"10":3,"11":4},"b":{"0":[1],"1":[1],"2":[6,5],"3":[1],"4":[1],"5":[1],"6":[4,4],"7":[0],"8":[1],"9":[0],"10":[3,3],"11":[1],"12":[8,0],"13":[3,4],"14":[6,0],"15":[1],"16":[1],"17":[3,2],"18":[0],"19":[1],"20":[3,2],"21":[0],"22":[1],"23":[4,3]}}
,"/Users/janosoler/Desktop/XarxaTecActiva/Activa2025/appComidasSemana/src/services/AuthService.ts": {"path":"/Users/janosoler/Desktop/XarxaTecActiva/Activa2025/appComidasSemana/src/services/AuthService.ts","statementMap":{"0":{"start":{"line":1,"column":0},"end":{"line":1,"column":48}},"1":{"start":{"line":2,"column":0},"end":{"line":2,"column":28}},"2":{"start":{"line":3,"column":0},"end":{"line":3,"column":48}},"3":{"start":{"line":7,"column":19},"end":{"line":7,"column":83}},"4":{"start":{"line":8,"column":23},"end":{"line":8,"column":57}},"5":{"start":{"line":26,"column":17},"end":{"line":26,"column":60}},"6":{"start":{"line":27,"column":4},"end":{"line":29,"column":5}},"7":{"start":{"line":28,"column":6},"end":{"line":28,"column":45}},"8":{"start":{"line":32,"column":28},"end":{"line":32,"column":77}},"9":{"start":{"line":33,"column":4},"end":{"line":35,"column":5}},"10":{"start":{"line":34,"column":6},"end":{"line":34,"column":45}},"11":{"start":{"line":38,"column":18},"end":{"line":41,"column":6}},"12":{"start":{"line":44,"column":53},"end":{"line":44,"column":57}},"13":{"start":{"line":46,"column":4},"end":{"line":49,"column":6}},"14":{"start":{"line":56,"column":4},"end":{"line":58,"column":7}},"15":{"start":{"line":65,"column":4},"end":{"line":70,"column":5}},"16":{"start":{"line":66,"column":22},"end":{"line":66,"column":67}},"17":{"start":{"line":67,"column":6},"end":{"line":67,"column":21}},"18":{"start":{"line":69,"column":6},"end":{"line":69,"column":50}},"19":{"start":{"line":77,"column":4},"end":{"line":89,"column":5}},"20":{"start":{"line":78,"column":22},"end":{"line":78,"column":45}},"21":{"start":{"line":79,"column":19},"end":{"line":79,"column":68}},"22":{"start":{"line":81,"column":6},"end":{"line":83,"column":7}},"23":{"start":{"line":82,"column":8},"end":{"line":82,"column":20}},"24":{"start":{"line":85,"column":55},"end":{"line":85,"column":59}},"25":{"start":{"line":86,"column":6},"end":{"line":86,"column":33}},"26":{"start":{"line":88,"column":6},"end":{"line":88,"column":18}},"27":{"start":{"line":97,"column":4},"end":{"line":97,"column":50}},"28":{"start":{"line":104,"column":20},"end":{"line":104,"column":46}},"29":{"start":{"line":107,"column":17},"end":{"line":107,"column":66}},"30":{"start":{"line":108,"column":4},"end":{"line":110,"column":5}},"31":{"start":{"line":109,"column":6},"end":{"line":109,"column":40}},"32":{"start":{"line":113,"column":4},"end":{"line":116,"column":7}},"33":{"start":{"line":120,"column":0},"end":{"line":120,"column":33}}},"fnMap":{"0":{"name":"(anonymous_1)","decl":{"start":{"line":24,"column":2},"end":{"line":24,"column":7}},"loc":{"start":{"line":24,"column":45},"end":{"line":50,"column":3}}},"1":{"name":"(anonymous_2)","decl":{"start":{"line":55,"column":2},"end":{"line":55,"column":15}},"loc":{"start":{"line":55,"column":37},"end":{"line":59,"column":3}}},"2":{"name":"(anonymous_3)","decl":{"start":{"line":64,"column":2},"end":{"line":64,"column":13}},"loc":{"start":{"line":64,"column":27},"end":{"line":71,"column":3}}},"3":{"name":"(anonymous_4)","decl":{"start":{"line":76,"column":2},"end":{"line":76,"column":7}},"loc":{"start":{"line":76,"column":38},"end":{"line":90,"column":3}}},"4":{"name":"(anonymous_5)","decl":{"start":{"line":96,"column":2},"end":{"line":96,"column":8}},"loc":{"start":{"line":96,"column":8},"end":{"line":98,"column":3}}},"5":{"name":"(anonymous_6)","decl":{"start":{"line":103,"column":2},"end":{"line":103,"column":7}},"loc":{"start":{"line":103,"column":37},"end":{"line":117,"column":3}}}},"branchMap":{"0":{"loc":{"start":{"line":7,"column":19},"end":{"line":7,"column":83}},"type":"binary-expr","locations":[{"start":{"line":7,"column":19},"end":{"line":7,"column":41}},{"start":{"line":7,"column":45},"end":{"line":7,"column":83}}]},"1":{"loc":{"start":{"line":8,"column":23},"end":{"line":8,"column":57}},"type":"binary-expr","locations":[{"start":{"line":8,"column":23},"end":{"line":8,"column":49}},{"start":{"line":8,"column":53},"end":{"line":8,"column":57}}]},"2":{"loc":{"start":{"line":27,"column":4},"end":{"line":29,"column":5}},"type":"if","locations":[{"start":{"line":27,"column":4},"end":{"line":29,"column":5}}]},"3":{"loc":{"start":{"line":33,"column":4},"end":{"line":35,"column":5}},"type":"if","locations":[{"start":{"line":33,"column":4},"end":{"line":35,"column":5}}]},"4":{"loc":{"start":{"line":81,"column":6},"end":{"line":83,"column":7}},"type":"if","locations":[{"start":{"line":81,"column":6},"end":{"line":83,"column":7}}]},"5":{"loc":{"start":{"line":108,"column":4},"end":{"line":110,"column":5}},"type":"if","locations":[{"start":{"line":108,"column":4},"end":{"line":110,"column":5}}]}},"s":{"0":5,"1":5,"2":5,"3":5,"4":5,"5":7,"6":7,"7":2,"8":5,"9":5,"10":2,"11":3,"12":3,"13":3,"14":21,"15":85,"16":85,"17":81,"18":4,"19":4,"20":4,"21":3,"22":3,"23":1,"24":2,"25":2,"26":1,"27":3,"28":4,"29":3,"30":3,"31":1,"32":2,"33":5},"f":{"0":7,"1":21,"2":85,"3":4,"4":3,"5":4},"b":{"0":[5,0],"1":[5,0],"2":[2],"3":[2],"4":[1],"5":[1]}}
,"/Users/janosoler/Desktop/XarxaTecActiva/Activa2025/appComidasSemana/src/services/DatabaseService.ts": {"path":"/Users/janosoler/Desktop/XarxaTecActiva/Activa2025/appComidasSemana/src/services/DatabaseService.ts","statementMap":{"0":{"start":{"line":1,"column":0},"end":{"line":1,"column":38}},"1":{"start":{"line":23,"column":18},"end":{"line":29,"column":6}},"2":{"start":{"line":30,"column":19},"end":{"line":36,"column":6}},"3":{"start":{"line":38,"column":19},"end":{"line":38,"column":50}},"4":{"start":{"line":39,"column":4},"end":{"line":39,"column":26}},"5":{"start":{"line":43,"column":18},"end":{"line":49,"column":6}},"6":{"start":{"line":50,"column":19},"end":{"line":50,"column":52}},"7":{"start":{"line":51,"column":4},"end":{"line":51,"column":34}},"8":{"start":{"line":55,"column":18},"end":{"line":61,"column":6}},"9":{"start":{"line":62,"column":19},"end":{"line":62,"column":51}},"10":{"start":{"line":63,"column":4},"end":{"line":63,"column":34}},"11":{"start":{"line":67,"column":29},"end":{"line":67,"column":31}},"12":{"start":{"line":68,"column":26},"end":{"line":68,"column":28}},"13":{"start":{"line":69,"column":21},"end":{"line":69,"column":22}},"14":{"start":{"line":71,"column":4},"end":{"line":74,"column":5}},"15":{"start":{"line":72,"column":6},"end":{"line":72,"column":46}},"16":{"start":{"line":73,"column":6},"end":{"line":73,"column":34}},"17":{"start":{"line":75,"column":4},"end":{"line":78,"column":5}},"18":{"start":{"line":76,"column":6},"end":{"line":76,"column":45}},"19":{"start":{"line":77,"column":6},"end":{"line":77,"column":33}},"20":{"start":{"line":79,"column":4},"end":{"line":82,"column":5}},"21":{"start":{"line":80,"column":6},"end":{"line":80,"column":52}},"22":{"start":{"line":81,"column":6},"end":{"line":81,"column":40}},"23":{"start":{"line":83,"column":4},"end":{"line":86,"column":5}},"24":{"start":{"line":84,"column":6},"end":{"line":84,"column":55}},"25":{"start":{"line":85,"column":6},"end":{"line":85,"column":42}},"26":{"start":{"line":88,"column":4},"end":{"line":90,"column":5}},"27":{"start":{"line":89,"column":6},"end":{"line":89,"column":38}},"28":{"start":{"line":92,"column":4},"end":{"line":92,"column":38}},"29":{"start":{"line":93,"column":4},"end":{"line":93,"column":24}},"30":{"start":{"line":95,"column":18},"end":{"line":102,"column":6}},"31":{"start":{"line":104,"column":19},"end":{"line":104,"column":50}},"32":{"start":{"line":105,"column":4},"end":{"line":105,"column":34}},"33":{"start":{"line":109,"column":18},"end":{"line":109,"column":52}},"34":{"start":{"line":110,"column":19},"end":{"line":110,"column":52}},"35":{"start":{"line":111,"column":4},"end":{"line":111,"column":59}},"36":{"start":{"line":117,"column":18},"end":{"line":123,"column":6}},"37":{"start":{"line":124,"column":19},"end":{"line":124,"column":74}},"38":{"start":{"line":126,"column":19},"end":{"line":126,"column":50}},"39":{"start":{"line":127,"column":17},"end":{"line":127,"column":31}},"40":{"start":{"line":128,"column":4},"end":{"line":128,"column":20}},"41":{"start":{"line":129,"column":4},"end":{"line":129,"column":16}},"42":{"start":{"line":133,"column":18},"end":{"line":139,"column":6}},"43":{"start":{"line":140,"column":19},"end":{"line":140,"column":52}},"44":{"start":{"line":142,"column":4},"end":{"line":144,"column":5}},"45":{"start":{"line":143,"column":6},"end":{"line":143,"column":18}},"46":{"start":{"line":146,"column":17},"end":{"line":146,"column":31}},"47":{"start":{"line":147,"column":4},"end":{"line":147,"column":57}},"48":{"start":{"line":148,"column":4},"end":{"line":148,"column":16}},"49":{"start":{"line":152,"column":18},"end":{"line":159,"column":6}},"50":{"start":{"line":160,"column":19},"end":{"line":160,"column":52}},"51":{"start":{"line":162,"column":4},"end":{"line":164,"column":5}},"52":{"start":{"line":163,"column":6},"end":{"line":163,"column":18}},"53":{"start":{"line":166,"column":17},"end":{"line":166,"column":31}},"54":{"start":{"line":167,"column":4},"end":{"line":167,"column":57}},"55":{"start":{"line":168,"column":4},"end":{"line":168,"column":16}},"56":{"start":{"line":174,"column":18},"end":{"line":180,"column":6}},"57":{"start":{"line":181,"column":19},"end":{"line":181,"column":79}},"58":{"start":{"line":183,"column":19},"end":{"line":183,"column":50}},"59":{"start":{"line":184,"column":17},"end":{"line":184,"column":31}},"60":{"start":{"line":185,"column":4},"end":{"line":185,"column":21}},"61":{"start":{"line":186,"column":4},"end":{"line":186,"column":21}},"62":{"start":{"line":187,"column":4},"end":{"line":187,"column":16}},"63":{"start":{"line":191,"column":18},"end":{"line":197,"column":6}},"64":{"start":{"line":198,"column":19},"end":{"line":198,"column":52}},"65":{"start":{"line":200,"column":4},"end":{"line":202,"column":5}},"66":{"start":{"line":201,"column":6},"end":{"line":201,"column":18}},"67":{"start":{"line":204,"column":17},"end":{"line":204,"column":31}},"68":{"start":{"line":205,"column":4},"end":{"line":205,"column":55}},"69":{"start":{"line":206,"column":4},"end":{"line":206,"column":55}},"70":{"start":{"line":207,"column":4},"end":{"line":207,"column":16}},"71":{"start":{"line":211,"column":18},"end":{"line":218,"column":6}},"72":{"start":{"line":219,"column":19},"end":{"line":219,"column":56}},"73":{"start":{"line":221,"column":18},"end":{"line":226,"column":null}},"74":{"start":{"line":223,"column":8},"end":{"line":223,"column":60}},"75":{"start":{"line":224,"column":8},"end":{"line":224,"column":60}},"76":{"start":{"line":225,"column":8},"end":{"line":225,"column":20}},"77":{"start":{"line":229,"column":4},"end":{"line":229,"column":17}},"78":{"start":{"line":233,"column":29},"end":{"line":233,"column":31}},"79":{"start":{"line":234,"column":26},"end":{"line":234,"column":28}},"80":{"start":{"line":235,"column":21},"end":{"line":235,"column":22}},"81":{"start":{"line":237,"column":4},"end":{"line":240,"column":5}},"82":{"start":{"line":238,"column":6},"end":{"line":238,"column":52}},"83":{"start":{"line":239,"column":6},"end":{"line":239,"column":29}},"84":{"start":{"line":241,"column":4},"end":{"line":244,"column":5}},"85":{"start":{"line":242,"column":6},"end":{"line":242,"column":50}},"86":{"start":{"line":243,"column":6},"end":{"line":243,"column":28}},"87":{"start":{"line":246,"column":4},"end":{"line":248,"column":5}},"88":{"start":{"line":247,"column":6},"end":{"line":247,"column":38}},"89":{"start":{"line":250,"column":4},"end":{"line":250,"column":38}},"90":{"start":{"line":251,"column":4},"end":{"line":251,"column":2
[...]
umn":55}},"46":{"start":{"line":158,"column":4},"end":{"line":163,"column":5}},"47":{"start":{"line":159,"column":6},"end":{"line":162,"column":9}},"48":{"start":{"line":166,"column":4},"end":{"line":174,"column":5}},"49":{"start":{"line":167,"column":6},"end":{"line":173,"column":9}},"50":{"start":{"line":177,"column":24},"end":{"line":177,"column":65}},"51":{"start":{"line":178,"column":4},"end":{"line":180,"column":5}},"52":{"start":{"line":179,"column":6},"end":{"line":179,"column":57}},"53":{"start":{"line":182,"column":4},"end":{"line":182,"column":23}},"54":{"start":{"line":189,"column":17},"end":{"line":189,"column":62}},"55":{"start":{"line":190,"column":4},"end":{"line":192,"column":5}},"56":{"start":{"line":191,"column":6},"end":{"line":191,"column":45}},"57":{"start":{"line":193,"column":4},"end":{"line":193,"column":16}},"58":{"start":{"line":202,"column":29},"end":{"line":202,"column":31}},"59":{"start":{"line":204,"column":4},"end":{"line":206,"column":5}},"60":{"start":{"line":205,"column":6},"end":{"line":205,"column":52}},"61":{"start":{"line":208,"column":4},"end":{"line":210,"column":5}},"62":{"start":{"line":209,"column":6},"end":{"line":209,"column":47}},"63":{"start":{"line":212,"column":4},"end":{"line":224,"column":5}},"64":{"start":{"line":213,"column":6},"end":{"line":215,"column":7}},"65":{"start":{"line":214,"column":8},"end":{"line":214,"column":51}},"66":{"start":{"line":217,"column":6},"end":{"line":219,"column":7}},"67":{"start":{"line":218,"column":8},"end":{"line":218,"column":68}},"68":{"start":{"line":221,"column":6},"end":{"line":223,"column":7}},"69":{"start":{"line":222,"column":8},"end":{"line":222,"column":74}},"70":{"start":{"line":226,"column":4},"end":{"line":226,"column":18}},"71":{"start":{"line":233,"column":29},"end":{"line":233,"column":31}},"72":{"start":{"line":235,"column":4},"end":{"line":237,"column":5}},"73":{"start":{"line":236,"column":6},"end":{"line":236,"column":55}},"74":{"start":{"line":239,"column":21},"end":{"line":239,"column":97}},"75":{"start":{"line":240,"column":4},"end":{"line":242,"column":5}},"76":{"start":{"line":241,"column":6},"end":{"line":241,"column":59}},"77":{"start":{"line":244,"column":4},"end":{"line":246,"column":5}},"78":{"start":{"line":245,"column":6},"end":{"line":245,"column":58}},"79":{"start":{"line":248,"column":4},"end":{"line":248,"column":18}},"80":{"start":{"line":255,"column":19},"end":{"line":255,"column":21}},"81":{"start":{"line":256,"column":4},"end":{"line":261,"column":5}},"82":{"start":{"line":256,"column":17},"end":{"line":256,"column":18}},"83":{"start":{"line":257,"column":6},"end":{"line":260,"column":9}},"84":{"start":{"line":262,"column":4},"end":{"line":262,"column":18}},"85":{"start":{"line":274,"column":17},"end":{"line":280,"column":6}},"86":{"start":{"line":283,"column":4},"end":{"line":288,"column":5}},"87":{"start":{"line":284,"column":6},"end":{"line":287,"column":9}},"88":{"start":{"line":291,"column":4},"end":{"line":299,"column":5}},"89":{"start":{"line":292,"column":6},"end":{"line":298,"column":9}},"90":{"start":{"line":302,"column":25},"end":{"line":302,"column":67}},"91":{"start":{"line":303,"column":4},"end":{"line":305,"column":5}},"92":{"start":{"line":304,"column":6},"end":{"line":304,"column":57}},"93":{"start":{"line":307,"column":4},"end":{"line":307,"column":24}},"94":{"start":{"line":311,"column":0},"end":{"line":311,"column":37}}},"fnMap":{"0":{"name":"(anonymous_1)","decl":{"start":{"line":30,"column":2},"end":{"line":30,"column":7}},"loc":{"start":{"line":30,"column":53},"end":{"line":92,"column":3}}},"1":{"name":"(anonymous_2)","decl":{"start":{"line":97,"column":2},"end":{"line":97,"column":7}},"loc":{"start":{"line":97,"column":38},"end":{"line":99,"column":3}}},"2":{"name":"(anonymous_3)","decl":{"start":{"line":104,"column":2},"end":{"line":104,"column":7}},"loc":{"start":{"line":104,"column":45},"end":{"line":183,"column":3}}},"3":{"name":"(anonymous_4)","decl":{"start":{"line":141,"column":34},"end":{"line":141,"column":35}},"loc":{"start":{"line":141,"column":40},"end":{"line":141,"column":84}}},"4":{"name":"(anonymous_5)","decl":{"start":{"line":188,"column":2},"end":{"line":188,"column":7}},"loc":{"start":{"line":188,"column":38},"end":{"line":194,"column":3}}},"5":{"name":"(anonymous_6)","decl":{"start":{"line":199,"column":2},"end":{"line":199,"column":29}},"loc":{"start":{"line":200,"column":57},"end":{"line":227,"column":3}}},"6":{"name":"(anonymous_7)","decl":{"start":{"line":232,"column":2},"end":{"line":232,"column":19}},"loc":{"start":{"line":232,"column":50},"end":{"line":249,"column":3}}},"7":{"name":"(anonymous_8)","decl":{"start":{"line":254,"column":10},"end":{"line":254,"column":29}},"loc":{"start":{"line":254,"column":43},"end":{"line":263,"column":3}}},"8":{"name":"(anonymous_9)","decl":{"start":{"line":268,"column":10},"end":{"line":268,"column":15}},"loc":{"start":{"line":271,"column":57},"end":{"line":308,"column":3}}}},"branchMap":{"0":{"loc":{"start":{"line":35,"column":4},"end":{"line":37,"column":5}},"type":"if","locations":[{"start":{"line":35,"column":4},"end":{"line":37,"column":5}}]},"1":{"loc":{"start":{"line":41,"column":4},"end":{"line":43,"column":5}},"type":"if","locations":[{"start":{"line":41,"column":4},"end":{"line":43,"column":5}}]},"2":{"loc":{"start":{"line":46,"column":4},"end":{"line":51,"column":5}},"type":"if","locations":[{"start":{"line":46,"column":4},"end":{"line":51,"column":5}}]},"3":{"loc":{"start":{"line":46,"column":8},"end":{"line":46,"column":47}},"type":"binary-expr","locations":[{"start":{"line":46,"column":8},"end":{"line":46,"column":20}},{"start":{"line":46,"column":24},"end":{"line":46,"column":47}}]},"4":{"loc":{"start":{"line":48,"column":6},"end":{"line":50,"column":7}},"type":"if","locations":[{"start":{"line":48,"column":6},"end":{"line":50,"column":7}}]},"5":{"loc":{"start":{"line":66,"column":8},"end":{"line":66,"column":50}},"type":"binary-expr","locations":[{"start":{"line":66,"column":8},"end":{"line":66,"column":28}},{"start":{"line":66,"column":32},"end":{"line":66,"column":50}}]},"6":{"loc":{"start":{"line":77,"column":10},"end":{"line":77,"column":70}},"type":"binary-expr","locations":[{"start":{"line":77,"column":10},"end":{"line":77,"column":22}},{"start":{"line":77,"column":26},"end":{"line":77,"column":70}}]},"7":{"loc":{"start":{"line":109,"column":4},"end":{"line":111,"column":5}},"type":"if","locations":[{"start":{"line":109,"column":4},"end":{"line":111,"column":5}}]},"8":{"loc":{"start":{"line":115,"column":4},"end":{"line":117,"column":5}},"type":"if","locations":[{"start":{"line":115,"column":4},"end":{"line":117,"column":5}}]},"9":{"loc":{"start":{"line":120,"column":4},"end":{"line":122,"column":5}},"type":"if","locations":[{"start":{"line":120,"column":4},"end":{"line":122,"column":5}}]},"10":{"loc":{"start":{"line":126,"column":4},"end":{"line":128,"column":5}},"type":"if","locations":[{"start":{"line":126,"column":4},"end":{"line":128,"column":5}}]},"11":{"loc":{"start":{"line":131,"column":4},"end":{"line":136,"column":5}},"type":"if","locations":[{"start":{"line":131,"column":4},"end":{"line":136,"column":5}}]},"12":{"loc":{"start":{"line":131,"column":8},"end":{"line":131,"column":47}},"type":"binary-expr","locations":[{"start":{"line":131,"column":8},"end":{"line":131,"column":20}},{"start":{"line":131,"column":24},"end":{"line":131,"column":47}}]},"13":{"loc":{"start":{"line":133,"column":6},"end":{"line":135,"column":7}},"type":"if","locations":[{"start":{"line":133,"column":6},"end":{"line":135,"column":7}}]},"14":{"loc":{"start":{"line":139,"column":24},"end":{"line":142,"column":55}},"type":"binary-expr","locations":[{"start":{"line":139,"column":24},"end":{"line":139,"column":36}},{"start":{"line":140,"column":7},"end":{"line":142,"column":54}}]},"15":{"loc":{"start":{"line":140,"column":7},"end":{"line":142,"column":54}},"type":"cond-expr","locations":[{"start":{"line":141,"column":10},"end":{"line":141,"column":86}},{"start":{"line":142,"column":10},"end":{"line":142,"column":54}}]},"16":{"loc":{"start":{"line":148,"column":22},"end":{"line":148,"column":71}},"type":"binary-expr","locations":[{"start":{"line":148,"column":22},"end":{"line":148,"column":36}},{"start":{"line":148,"column":40},"end":{"line":148,"column":66}},{"start":{"line":148,"column":70},"end":{"line":148,"column":71}}]},"17":{"loc":{"start":{"line":178,"column":4},"end":{"line":180,"column":5}},"type":"if","locations":[{"start":{"line":178,"column":4},"end":{"line":180,"column":5}}]},"18":{"loc":{"start":{"line":190,"column":4},"end":{"line":192,"column":5}},"type":"if","locations":[{"start":{"line":190,"column":4},"end":{"line":192,"column":5}}]},"19":{"loc":{"start":{"line":204,"column":4},"end":{"line":206,"column":5}},"type":"if","locations":[{"start":{"line":204,"column":4},"end":{"line":206,"column":5}}]},"20":{"loc":{"start":{"line":208,"column":4},"end":{"line":210,"column":5}},"type":"if","locations":[{"start":{"line":208,"column":4},"end":{"line":210,"column":5}}]},"21":{"loc":{"start":{"line":213,"column":6},"end":{"line":215,"column":7}},"type":"if","locations":[{"start":{"line":213,"column":6},"end":{"line":215,"column":7}}]},"22":{"loc":{"start":{"line":213,"column":10},"end":{"line":213,"column":55}},"type":"binary-expr","locations":[{"start":{"line":213,"column":10},"end":{"line":213,"column":21}},{"start":{"line":213,"column":25},"end":{"line":213,"column":55}}]},"23":{"loc":{"start":{"line":217,"column":6},"end":{"line":219,"column":7}},"type":"if","locations":[{"start":{"line":217,"column":6},"end":{"line":219,"column":7}}]},"24":{"loc":{"start":{"line":217,"column":10},"end":{"line":217,"column":47}},"type":"binary-expr","locations":[{"start":{"line":217,"column":10},"end":{"line":217,"column":20}},{"start":{"line":217,"column":24},"end":{"line":217,"column":47}}]},"25":{"loc":{"start":{"line":221,"column":6},"end":{"line":223,"column":7}},"type":"if","locations":[{"start":{"line":221,"column":6},"end":{"line":223,"column":7}}]},"26":{"loc":{"start":{"line":221,"column":10},"end":{"line":221,"column":61}},"type":"binary-expr","locations":[{"start":{"line":221,"column":10},"end":{"line":221,"column":27}},{"start":{"line":221,"column":31},"end":{"line":221,"column":61}}]},"27":{"loc":{"start":{"line":235,"column":4},"end":{"line":237,"column":5}},"type":"if","locations":[{"start":{"line":235,"column":4},"end":{"line":237,"column":5}}]},"28":{"loc":{"start":{"line":240,"column":4},"end":{"line":242,"column":5}},"type":"if","locations":[{"start":{"line":240,"column":4},"end":{"line":242,"column":5}}]},"29":{"loc":{"start":{"line":244,"column":4},"end":{"line":246,"column":5}},"type":"if","locations":[{"start":{"line":244,"column":4},"end":{"line":246,"column":5}}]},"30":{"loc":{"start":{"line":303,"column":4},"end":{"line":305,"column":5}},"type":"if","locations":[{"start":{"line":303,"column":4},"end":{"line":305,"column":5}}]}},"s":{"0":3,"1":3,"2":39,"3":39,"4":39,"5":3,"6":36,"7":36,"8":1,"9":35,"10":2,"11":2,"12":1,"13":34,"14":34,"15":34,"16":34,"17":33,"18":33,"19":33,"20":33,"21":33,"22":1,"23":1,"24":28,"25":5,"26":5,"27":5,"28":1,"29":4,"30":4,"31":0,"32":4,"33":1,"34":3,"35":3,"36":0,"37":3,"38":1,"39":1,"40":0,"41":3,"42":4,"43":3,"44":3,"45":3,"46":3,"47":5,"48":3,"49":3,"50":3,"51":3,"52":0,"53":3,"54":13,"55":13,"56":1,"57":12,"58":9,"59":9,"60":1,"61":9,"62":1,"63":9,"64":30,"65":2,"66":30,"67":1,"68":30,"69":1,"70":9,"71":43,"72":43,"73":4,"74":43,"75":43,"76":2,"77":43,"78":4,"79":43,"80":32,"81":32,"82":32,"83":64,"84":32,"85":33,"86":33,"87":66,"88":33,"89":33,"90":33,"91":33,"92":0,"93":33,"94":3},"f":{"0":39,"1":28,"2":5,"3":4,"4":13,"5":9,"6":43,"7":32,"8":33},"b":{"0":[3],"1":[1],"2":[2],"3":[35,2],"4":[1],"5":[34,33],"6":[33,32],"7":[1],"8":[0],"9":[1],"10":[0],"11":[1],"12":[3,1],"13":[0],"14":[3,2],"15":[2,0],"16":[3,1,0],"17":[0],"18":[1],"19":[1],"20":[1],"21":[2],"22":[30,28],"23":[1],"24":[30,28],"25":[1],"26":[30,4],"27":[4],"28":[2],"29":[4],"30":[0]}}
,"/Users/janosoler/Desktop/XarxaTecActiva/Activa2025/appComidasSemana/src/services/UserService.ts": {"path":"/Users/janosoler/Desktop/XarxaTecActiva/Activa2025/appComidasSemana/src/services/UserService.ts","statementMap":{"0":{"start":{"line":1,"column":0},"end":{"line":1,"column":28}},"1":{"start":{"line":2,"column":0},"end":{"line":2,"column":48}},"2":{"start":{"line":4,"column":0},"end":{"line":4,"column":92}},"3":{"start":{"line":6,"column":20},"end":{"line":6,"column":22}},"4":{"start":{"line":11,"column":19},"end":{"line":11,"column":47}},"5":{"start":{"line":12,"column":4},"end":{"line":14,"column":5}},"6":{"start":{"line":13,"column":6},"end":{"line":13,"column":65}},"7":{"start":{"line":17,"column":25},"end":{"line":17,"column":77}},"8":{"start":{"line":18,"column":4},"end":{"line":20,"column":5}},"9":{"start":{"line":19,"column":6},"end":{"line":19,"column":46}},"10":{"start":{"line":23,"column":25},"end":{"line":23,"column":74}},"11":{"start":{"line":26,"column":17},"end":{"line":29,"column":6}},"12":{"start":{"line":31,"column":4},"end":{"line":31,"column":20}},"13":{"start":{"line":35,"column":4},"end":{"line":35,"column":53}},"14":{"start":{"line":39,"column":4},"end":{"line":41,"column":5}},"15":{"start":{"line":40,"column":6},"end":{"line":40,"column":46}},"16":{"start":{"line":42,"column":4},"end":{"line":42,"column":55}},"17":{"start":{"line":47,"column":19},"end":{"line":47,"column":47}},"18":{"start":{"line":48,"column":4},"end":{"line":50,"column":5}},"19":{"start":{"line":49,"column":6},"end":{"line":49,"column":65}},"20":{"start":{"line":53,"column":25},"end":{"line":53,"column":66}},"21":{"start":{"line":54,"column":4},"end":{"line":56,"column":5}},"22":{"start":{"line":55,"column":6},"end":{"line":55,"column":40}},"23":{"start":{"line":59,"column":4},"end":{"line":64,"column":5}},"24":{"start":{"line":60,"column":26},"end":{"line":60,"column":78}},"25":{"start":{"line":61,"column":6},"end":{"line":63,"column":7}},"26":{"start":{"line":62,"column":8},"end":{"line":62,"column":48}},"27":{"start":{"line":67,"column":24},"end":{"line":67,"column":74}},"28":{"start":{"line":68,"column":4},"end":{"line":70,"column":5}},"29":{"start":{"line":69,"column":6},"end":{"line":69,"column":47}},"30":{"start":{"line":72,"column":4},"end":{"line":72,"column":23}},"31":{"start":{"line":77,"column":25},"end":{"line":77,"column":66}},"32":{"start":{"line":78,"column":4},"end":{"line":80,"column":5}},"33":{"start":{"line":79,"column":6},"end":{"line":79,"column":40}},"34":{"start":{"line":83,"column":24},"end":{"line":83,"column":81}},"35":{"start":{"line":84,"column":4},"end":{"line":86,"column":5}},"36":{"start":{"line":85,"column":6},"end":{"line":85,"column":54}},"37":{"start":{"line":88,"column":4},"end":{"line":88,"column":23}},"38":{"start":{"line":93,"column":25},"end":{"line":93,"column":66}},"39":{"start":{"line":94,"column":4},"end":{"line":96,"column":5}},"40":{"start":{"line":95,"column":6},"end":{"line":95,"column":40}},"41":{"start":{"line":99,"column":4},"end":{"line":99,"column":52}},"42":{"start":{"line":103,"column":17},"end":{"line":103,"column":58}},"43":{"start":{"line":104,"column":4},"end":{"line":106,"column":5}},"44":{"start":{"line":105,"column":6},"end":{"line":105,"column":19}},"45":{"start":{"line":108,"column":4},"end":{"line":108,"column":61}},"46":{"start":{"line":112,"column":17},"end":{"line":112,"column":60}},"47":{"start":{"line":113,"column":4},"end":{"line":115,"column":5}},"48":{"start":{"line":114,"column":6},"end":{"line":114,"column":19}},"49":{"start":{"line":117,"column":4},"end":{"line":117,"column":61}},"50":{"start":{"line":121,"column":0},"end":{"line":121,"column":33}}},"fnMap":{"0":{"name":"(anonymous_1)","decl":{"start":{"line":9,"column":2},"end":{"line":9,"column":7}},"loc":{"start":{"line":9,"column":42},"end":{"line":32,"column":3}}},"1":{"name":"(anonymous_2)","decl":{"start":{"line":34,"column":2},"end":{"line":34,"column":7}},"loc":{"start":{"line":34,"column":34},"end":{"line":36,"column":3}}},"2":{"name":"(anonymous_3)","decl":{"start":{"line":38,"column":2},"end":{"line":38,"column":7}},"loc":{"start":{"line":38,"column":36},"end":{"line":43,"column":3}}},"3":{"name":"(anonymous_4)","decl":{"start":{"line":45,"column":2},"end":{"line":45,"column":7}},"loc":{"start":{"line":45,"column":58},"end":{"line":73,"column":3}}},"4":{"name":"(anonymous_5)","decl":{"start":{"line":75,"column":2},"end":{"line":75,"column":7}},"loc":{"start":{"line":75,"column":61},"end":{"line":89,"column":3}}},"5":{"name":"(anonymous_6)","decl":{"start":{"line":91,"column":2},"end":{"line":91,"column":7}},"loc":{"start":{"line":91,"column":33},"end":{"line":100,"column":3}}},"6":{"name":"(anonymous_7)","decl":{"start":{"line":102,"column":2},"end":{"line":102,"column":7}},"loc":{"start":{"line":102,"column":55},"end":{"line":109,"column":3}}},"7":{"name":"(anonymous_8)","decl":{"start":{"line":111,"column":2},"end":{"line":111,"column":7}},"loc":{"start":{"line":111,"column":61},"end":{"line":118,"column":3}}}},"branchMap":{"0":{"loc":{"start":{"line":12,"column":4},"end":{"line":14,"column":5}},"type":"if","locations":[{"start":{"line":12,"column":4},"end":{"line":14,"column":5}}]},"1":{"loc":{"start":{"line":18,"column":4},"end":{"line":20,"column":5}},"type":"if","locations":[{"start":{"line":18,"column":4},"end":{"line":20,"column":5}}]},"2":{"loc":{"start":{"line":39,"column":4},"end":{"line":41,"column":5}},"type":"if","locations":[{"start":{"line":39,"column":4},"end":{"line":41,"column":5}}]},"3":{"loc":{"start":{"line":48,"column":4},"end":{"line":50,"column":5}},"type":"if","locations":[{"start":{"line":48,"column":4},"end":{"line":50,"column":5}}]},"4":{"loc":{"start":{"line":54,"column":4},"end":{"line":56,"column":5}},"type":"if","locations":[{"start":{"line":54,"column":4},"end":{"line":56,"column":5}}]},"5":{"loc":{"start":{"line":59,"column":4},"end":{"line":64,"column":5}},"type":"if","locations":[{"start":{"line":59,"column":4},"end":{"line":64,"column":5}}]},"6":{"loc":{"start":{"line":59,"column":8},"end":{"line":59,"column":63}},"type":"binary-expr","locations":[{"start":{"line":59,"column":8},"end":{"line":59,"column":22}},{"start":{"line":59,"column":26},"end":{"line":59,"column":63}}]},"7":{"loc":{"start":{"line":61,"column":6},"end":{"line":63,"column":7}},"type":"if","locations":[{"start":{"line":61,"column":6},"end":{"line":63,"column":7}}]},"8":{"loc":{"start":{"line":68,"column":4},"end":{"line":70,"column":5}},"type":"if","locations":[{"start":{"line":68,"column":4},"end":{"line":70,"column":5}}]},"9":{"loc":{"start":{"line":78,"column":4},"end":{"line":80,"column":5}},"type":"if","locations":[{"start":{"line":78,"column":4},"end":{"line":80,"column":5}}]},"10":{"loc":{"start":{"line":84,"column":4},"end":{"line":86,"column":5}},"type":"if","locations":[{"start":{"line":84,"column":4},"end":{"line":86,"column":5}}]},"11":{"loc":{"start":{"line":94,"column":4},"end":{"line":96,"column":5}},"type":"if","locations":[{"start":{"line":94,"column":4},"end":{"line":96,"column":5}}]},"12":{"loc":{"start":{"line":104,"column":4},"end":{"line":106,"column":5}},"type":"if","locations":[{"start":{"line":104,"column":4},"end":{"line":106,"column":5}}]},"13":{"loc":{"start":{"line":113,"column":4},"end":{"line":115,"column":5}},"type":"if","locations":[{"start":{"line":113,"column":4},"end":{"line":115,"column":5}}]}},"s":{"0":7,"1":7,"2":7,"3":7,"4":26,"5":26,"6":5,"7":21,"8":21,"9":2,"10":19,"11":19,"12":19,"13":5,"14":3,"15":1,"16":2,"17":9,"18":9,"19":2,"20":7,"21":7,"22":1,"23":6,"24":4,"25":4,"26":2,"27":4,"28":4,"29":0,"30":4,"31":4,"32":4,"33":1,"34":3,"35":3,"36":0,"37":3,"38":3,"39":3,"40":1,"41":2,"42":3,"43":3,"44":1,"45":2,"46":3,"47":3,"48":1,"49":2,"50":7},"f":{"0":26,"1":5,"2":3,"3":9,"4":4,"5":3,"6":3,"7":3},"b":{"0":[5],"1":[2],"2":[1],"3":[2],"4":[1],"5":[4],"6":[6,4],"7":[2],"8":[0],"9":[1],"10":[0],"11":[1],"12":[1],"13":[1]}}
}
