TN:
SF:src/config/database.ts
FN:16,(anonymous_1)
FN:21,(anonymous_2)
FN:26,(anonymous_3)
FN:31,testConnection
FN:45,closePool
FNF:5
FNH:1
FNDA:8,(anonymous_1)
FNDA:0,(anonymous_2)
FNDA:0,(anonymous_3)
FNDA:0,testConnection
FNDA:0,closePool
DA:1,10
DA:2,10
DA:4,10
DA:6,10
DA:13,10
DA:16,10
DA:17,8
DA:21,10
DA:22,0
DA:26,10
DA:27,0
DA:31,10
DA:32,0
DA:33,0
DA:34,0
DA:35,0
DA:36,0
DA:37,0
DA:39,0
DA:40,0
DA:45,10
DA:46,0
DA:47,0
DA:50,10
LF:24
LH:12
BRF:0
BRH:0
end_of_record
TN:
SF:src/middleware/auth.ts
FN:8,authMiddleware
FN:41,optionalAuthMiddleware
FNF:2
FNH:1
FNDA:81,authMiddleware
FNDA:0,optionalAuthMiddleware
DA:2,3
DA:8,3
DA:9,81
DA:10,81
DA:12,81
DA:13,10
DA:17,71
DA:18,71
DA:19,0
DA:22,71
DA:25,71
DA:28,71
DA:29,71
DA:31,71
DA:33,0
DA:41,3
DA:42,0
DA:43,0
DA:45,0
DA:46,0
DA:47,0
DA:48,0
DA:49,0
DA:50,0
DA:51,0
DA:55,0
DA:58,0
LF:27
LH:14
BRDA:12,0,0,10
BRDA:18,1,0,0
BRDA:18,2,0,71
BRDA:18,2,1,71
BRDA:45,3,0,0
BRDA:47,4,0,0
BRDA:47,5,0,0
BRDA:47,5,1,0
BRF:8
BRH:3
end_of_record
TN:
SF:src/middleware/errorHandler.ts
FN:6,(anonymous_0)
FN:13,(anonymous_1)
FN:20,(anonymous_2)
FN:27,(anonymous_3)
FN:34,(anonymous_4)
FN:41,(anonymous_5)
FN:60,errorHandler
FN:229,notFoundHandler
FNF:8
FNH:8
FNDA:2,(anonymous_0)
FNDA:1,(anonymous_1)
FNDA:1,(anonymous_2)
FNDA:1,(anonymous_3)
FNDA:1,(anonymous_4)
FNDA:1,(anonymous_5)
FNDA:13,errorHandler
FNDA:2,notFoundHandler
DA:2,1
DA:5,1
DA:7,2
DA:8,2
DA:12,1
DA:14,1
DA:15,1
DA:19,1
DA:21,1
DA:22,1
DA:26,1
DA:28,1
DA:29,1
DA:33,1
DA:35,1
DA:36,1
DA:40,1
DA:42,1
DA:43,1
DA:60,1
DA:62,13
DA:63,13
DA:64,13
DA:65,13
DA:66,13
DA:67,13
DA:68,13
DA:70,13
DA:73,13
DA:74,0
DA:81,0
DA:85,13
DA:86,2
DA:93,2
DA:97,11
DA:98,1
DA:105,1
DA:109,10
DA:110,1
DA:117,1
DA:121,9
DA:122,1
DA:129,1
DA:133,8
DA:134,1
DA:141,1
DA:145,7
DA:146,1
DA:153,1
DA:157,6
DA:160,1
DA:167,1
DA:171,5
DA:175,1
DA:182,1
DA:186,4
DA:189,1
DA:196,1
DA:200,3
DA:202,1
DA:209,1
DA:213,2
DA:223,2
DA:229,1
DA:230,2
DA:237,2
LF:66
LH:64
BRDA:73,0,0,0
BRDA:85,1,0,2
BRDA:97,2,0,1
BRDA:109,3,0,1
BRDA:121,4,0,1
BRDA:133,5,0,1
BRDA:145,6,0,1
BRDA:157,7,0,1
BRDA:157,8,0,6
BRDA:157,8,1,5
BRDA:157,8,2,5
BRDA:171,9,0,1
BRDA:171,10,0,5
BRDA:171,10,1,4
BRDA:171,10,2,4
BRDA:171,10,3,4
BRDA:186,11,0,1
BRDA:186,12,0,4
BRDA:186,12,1,3
BRDA:186,12,2,3
BRDA:200,13,0,1
BRDA:200,14,0,3
BRDA:200,14,1,2
BRDA:216,15,0,0
BRDA:216,15,1,2
BRF:25
BRH:23
end_of_record
TN:
SF:src/models/validators.ts
FN:4,isValidEmail
FN:10,isValidPassword
FN:15,validateCreateUser
FN:38,validateUpdateUser
FN:57,validatePreferences
FN:68,isValidDayOfWeek
FN:74,isValidNumberOfDishes
FNF:7
FNH:4
FNDA:35,isValidEmail
FNDA:26,isValidPassword
FNDA:26,validateCreateUser
FNDA:9,validateUpdateUser
FNDA:0,validatePreferences
FNDA:0,isValidDayOfWeek
FNDA:0,isValidNumberOfDishes
DA:4,7
DA:5,35
DA:6,35
DA:10,7
DA:11,26
DA:15,7
DA:16,26
DA:18,26
DA:19,2
DA:22,26
DA:23,2
DA:26,26
DA:27,1
DA:30,26
DA:31,0
DA:34,26
DA:38,7
DA:39,9
DA:41,9
DA:42,2
DA:45,9
DA:46,0
DA:49,9
DA:50,0
DA:53,9
DA:57,7
DA:58,0
DA:60,0
DA:61,0
DA:64,0
DA:68,7
DA:69,0
DA:70,0
DA:74,7
DA:75,0
LF:35
LH:25
BRDA:18,0,0,2
BRDA:18,1,0,26
BRDA:18,1,1,26
BRDA:22,2,0,2
BRDA:22,3,0,26
BRDA:22,3,1,26
BRDA:26,4,0,1
BRDA:26,5,0,26
BRDA:26,5,1,25
BRDA:30,6,0,0
BRDA:30,7,0,26
BRDA:30,7,1,20
BRDA:41,8,0,2
BRDA:41,9,0,9
BRDA:41,9,1,6
BRDA:45,10,0,0
BRDA:45,11,0,9
BRDA:45,11,1,3
BRDA:49,12,0,0
BRDA:49,13,0,9
BRDA:49,13,1,2
BRDA:60,14,0,0
BRDA:60,15,0,0
BRDA:60,15,1,0
BRDA:75,16,0,0
BRDA:75,16,1,0
BRF:26
BRH:18
end_of_record
TN:
SF:src/routes/auth.routes.ts
FN:9,(anonymous_1)
FN:74,(anonymous_2)
FN:109,(anonymous_3)
FNF:3
FNH:3
FNDA:8,(anonymous_1)
FNDA:5,(anonymous_2)
FNDA:1,(anonymous_3)
DA:1,1
DA:2,1
DA:3,1
DA:6,1
DA:9,1
DA:10,8
DA:11,8
DA:12,8
DA:15,8
DA:16,3
DA:23,5
DA:31,5
DA:34,2
DA:40,2
DA:42,2
DA:50,3
DA:52,3
DA:53,1
DA:59,2
DA:60,2
DA:66,0
DA:74,1
DA:75,5
DA:76,5
DA:77,5
DA:80,5
DA:81,2
DA:88,3
DA:90,1
DA:92,2
DA:94,2
DA:95,2
DA:101,0
DA:109,1
DA:110,1
DA:111,1
DA:114,1
LF:37
LH:35
BRDA:15,0,0,3
BRDA:15,1,0,8
BRDA:15,1,1,7
BRDA:15,1,2,6
BRDA:27,2,0,5
BRDA:27,2,1,4
BRDA:28,3,0,5
BRDA:28,3,1,4
BRDA:52,4,0,1
BRDA:59,5,0,2
BRDA:80,6,0,2
BRDA:80,7,0,5
BRDA:80,7,1,4
BRDA:94,8,0,2
BRF:14
BRH:14
end_of_record
TN:
SF:src/routes/menuPlan.routes.ts
FN:17,(anonymous_1)
FN:80,(anonymous_2)
FN:113,(anonymous_3)
FN:177,(anonymous_4)
FNF:4
FNH:4
FNDA:28,(anonymous_1)
FNDA:3,(anonymous_2)
FNDA:2,(anonymous_3)
FNDA:12,(anonymous_4)
DA:1,2
DA:2,2
DA:3,2
DA:11,2
DA:14,2
DA:17,2
DA:18,28
DA:19,28
DA:20,28
DA:21,28
DA:24,28
DA:25,1
DA:32,27
DA:33,27
DA:35,27
DA:44,26
DA:46,1
DA:48,1
DA:49,0
DA:55,1
DA:59,1
DA:65,0
DA:66,0
DA:72,0
DA:80,2
DA:81,3
DA:82,3
DA:83,3
DA:85,3
DA:87,3
DA:88,1
DA:95,2
DA:96,1
DA:102,1
DA:104,0
DA:105,0
DA:113,2
DA:114,2
DA:115,2
DA:116,2
DA:117,2
DA:118,2
DA:119,2
DA:122,2
DA:124,2
DA:125,0
DA:131,2
DA:132,1
DA:138,1
DA:144,1
DA:146,0
DA:148,0
DA:149,0
DA:155,0
DA:156,0
DA:162,0
DA:163,0
DA:169,0
DA:177,2
DA:178,12
DA:179,12
DA:180,12
DA:183,12
DA:185,12
DA:186,1
DA:192,11
DA:193,1
DA:199,10
DA:201,10
DA:203,0
DA:205,0
DA:206,0
DA:212,0
DA:219,2
LF:74
LH:55
BRDA:24,0,0,1
BRDA:24,1,0,28
BRDA:24,1,1,28
BRDA:24,1,2,27
BRDA:24,1,3,27
BRDA:48,2,0,0
BRDA:55,3,0,1
BRDA:55,4,0,1
BRDA:55,4,1,0
BRDA:55,4,2,0
BRDA:55,4,3,0
BRDA:65,5,0,0
BRDA:87,6,0,1
BRDA:95,7,0,1
BRDA:124,8,0,0
BRDA:131,9,0,1
BRDA:148,10,0,0
BRDA:155,11,0,0
BRDA:162,12,0,0
BRDA:185,13,0,1
BRDA:192,14,0,1
BRDA:205,15,0,0
BRF:22
BRH:12
end_of_record
TN:
SF:src/routes/shoppingList.routes.ts
FN:18,(anonymous_1)
FN:93,(anonymous_2)
FNF:2
FNH:2
FNDA:8,(anonymous_1)
FNDA:3,(anonymous_2)
DA:1,1
DA:2,1
DA:3,1
DA:4,1
DA:5,1
DA:12,1
DA:15,1
DA:18,1
DA:19,8
DA:20,8
DA:21,8
DA:22,8
DA:25,8
DA:26,1
DA:33,7
DA:35,7
DA:36,1
DA:43,6
DA:44,0
DA:51,6
DA:52,1
DA:59,5
DA:62,5
DA:67,5
DA:69,0
DA:71,0
DA:72,0
DA:78,0
DA:79,0
DA:85,0
DA:93,1
DA:94,3
DA:95,3
DA:96,3
DA:98,3
DA:100,3
DA:101,1
DA:108,2
DA:110,2
DA:111,0
DA:117,2
DA:118,1
DA:124,1
DA:126,0
DA:127,0
DA:134,1
LF:46
LH:36
BRDA:25,0,0,1
BRDA:35,1,0,1
BRDA:43,2,0,0
BRDA:51,3,0,1
BRDA:71,4,0,0
BRDA:78,5,0,0
BRDA:100,6,0,1
BRDA:110,7,0,0
BRDA:117,8,0,1
BRF:9
BRH:5
end_of_record
TN:
SF:src/routes/user.routes.ts
FN:16,(anonymous_1)
FN:51,(anonymous_2)
FN:117,(anonymous_3)
FN:163,(anonymous_4)
FNF:4
FNH:4
FNDA:3,(anonymous_1)
FNDA:6,(anonymous_2)
FNDA:4,(anonymous_3)
FNDA:2,(anonymous_4)
DA:1,1
DA:2,1
DA:3,1
DA:10,1
DA:13,1
DA:16,1
DA:17,3
DA:18,3
DA:19,3
DA:22,3
DA:23,1
DA:29,2
DA:31,2
DA:32,1
DA:39,1
DA:40,1
DA:42,0
DA:43,0
DA:51,1
DA:52,6
DA:53,6
DA:54,6
DA:57,6
DA:58,1
DA:64,5
DA:65,5
DA:68,5
DA:69,1
DA:75,4
DA:76,4
DA:77,4
DA:78,4
DA:80,4
DA:83,2
DA:84,2
DA:86,2
DA:88,2
DA:89,0
DA:95,2
DA:96,1
DA:102,1
DA:103,1
DA:109,0
DA:117,1
DA:118,4
DA:119,4
DA:120,4
DA:123,4
DA:124,1
DA:130,3
DA:131,3
DA:133,3
DA:134,1
DA:140,2
DA:143,2
DA:144,2
DA:146,0
DA:148,0
DA:149,0
DA:155,0
DA:163,1
DA:164,2
DA:165,2
DA:166,2
DA:169,2
DA:170,1
DA:176,1
DA:178,1
DA:180,0
DA:182,0
DA:183,0
DA:189,0
DA:196,1
LF:73
LH:61
BRDA:22,0,0,1
BRDA:31,1,0,1
BRDA:57,2,0,1
BRDA:68,3,0,1
BRDA:68,4,0,5
BRDA:68,4,1,2
BRDA:68,4,2,1
BRDA:76,5,0,3
BRDA:77,6,0,1
BRDA:78,7,0,1
BRDA:88,8,0,0
BRDA:95,9,0,1
BRDA:102,10,0,1
BRDA:123,11,0,1
BRDA:133,12,0,1
BRDA:148,13,0,0
BRDA:169,14,0,1
BRDA:182,15,0,0
BRF:18
BRH:15
end_of_record
TN:
SF:src/services/AIService.ts
FN:38,(anonymous_1)
FN:92,(anonymous_2)
FN:141,(anonymous_3)
FN:189,(anonymous_4)
FN:209,(anonymous_5)
FN:263,(anonymous_6)
FN:264,(anonymous_7)
FN:310,(anonymous_8)
FN:311,(anonymous_9)
FN:312,(anonymous_10)
FN:342,(anonymous_11)
FN:363,(anonymous_12)
FN:383,(anonymous_13)
FNF:13
FNH:13
FNDA:8,(anonymous_1)
FNDA:6,(anonymous_2)
FNDA:6,(anonymous_3)
FNDA:8,(anonymous_4)
FNDA:9,(anonymous_5)
FNDA:6,(anonymous_6)
FNDA:7,(anonymous_7)
FNDA:6,(anonymous_8)
FNDA:6,(anonymous_9)
FNDA:3,(anonymous_10)
FNDA:4,(anonymous_11)
FNDA:3,(anonymous_12)
FNDA:4,(anonymous_13)
DA:1,4
DA:3,4
DA:6,4
DA:8,4
DA:12,4
DA:13,0
DA:14,0
DA:15,4
DA:16,0
DA:17,0
DA:45,8
DA:46,0
DA:49,8
DA:51,8
DA:52,8
DA:68,5
DA:69,5
DA:70,1
DA:73,4
DA:75,6
DA:77,6
DA:78,1
DA:81,5
DA:82,1
DA:85,4
DA:94,6
DA:95,0
DA:98,6
DA:100,6
DA:101,6
DA:117,4
DA:118,4
DA:119,1
DA:122,3
DA:124,4
DA:126,4
DA:127,1
DA:130,3
DA:131,0
DA:134,3
DA:143,6
DA:144,0
DA:147,6
DA:149,6
DA:150,6
DA:166,5
DA:167,5
DA:168,1
DA:171,4
DA:173,3
DA:175,3
DA:176,0
DA:179,3
DA:180,1
DA:183,2
DA:196,8
DA:197,8
DA:198,8
DA:199,9
DA:203,8
DA:209,9
DA:264,6
DA:265,7
DA:268,6
DA:311,6
DA:312,6
DA:313,3
DA:316,6
DA:343,4
DA:345,4
DA:346,4
DA:347,1
DA:350,3
DA:352,3
DA:353,1
DA:356,2
DA:358,2
DA:359,2
DA:364,3
DA:365,3
DA:366,3
DA:367,0
DA:370,3
DA:372,3
DA:373,1
DA:376,2
DA:378,1
DA:379,1
DA:384,4
DA:385,4
DA:386,4
DA:387,0
DA:390,4
DA:392,4
DA:393,1
DA:396,3
DA:398,1
DA:399,1
DA:404,4
LF:99
LH:88
BRDA:12,0,0,0
BRDA:12,0,1,4
BRDA:15,1,0,0
BRDA:45,2,0,0
BRDA:69,3,0,1
BRDA:77,4,0,1
BRDA:77,5,0,6
BRDA:77,5,1,5
BRDA:81,6,0,1
BRDA:94,7,0,0
BRDA:118,8,0,1
BRDA:126,9,0,1
BRDA:126,10,0,4
BRDA:126,10,1,4
BRDA:130,11,0,0
BRDA:143,12,0,0
BRDA:167,13,0,1
BRDA:175,14,0,0
BRDA:175,15,0,3
BRDA:175,15,1,3
BRDA:179,16,0,1
BRDA:206,17,0,8
BRDA:206,17,1,0
BRDA:265,18,0,3
BRDA:265,18,1,4
BRDA:272,19,0,6
BRDA:272,19,1,0
BRDA:283,20,0,1
BRDA:283,20,1,5
BRDA:346,21,0,1
BRDA:352,22,0,1
BRDA:352,23,0,3
BRDA:352,23,1,2
BRDA:366,24,0,0
BRDA:372,25,0,1
BRDA:372,26,0,3
BRDA:372,26,1,2
BRDA:386,27,0,0
BRDA:392,28,0,1
BRDA:392,29,0,4
BRDA:392,29,1,3
BRF:41
BRH:30
end_of_record
TN:
SF:src/services/AuthService.ts
FN:24,(anonymous_1)
FN:55,(anonymous_2)
FN:64,(anonymous_3)
FN:76,(anonymous_4)
FN:96,(anonymous_5)
FN:103,(anonymous_6)
FNF:6
FNH:6
FNDA:7,(anonymous_1)
FNDA:21,(anonymous_2)
FNDA:85,(anonymous_3)
FNDA:4,(anonymous_4)
FNDA:3,(anonymous_5)
FNDA:4,(anonymous_6)
DA:1,5
DA:2,5
DA:3,5
DA:7,5
DA:8,5
DA:26,7
DA:27,7
DA:28,2
DA:32,5
DA:33,5
DA:34,2
DA:38,3
DA:44,3
DA:46,3
DA:56,21
DA:65,85
DA:66,85
DA:67,81
DA:69,4
DA:77,4
DA:78,4
DA:79,3
DA:81,3
DA:82,1
DA:85,2
DA:86,2
DA:88,1
DA:97,3
DA:104,4
DA:107,3
DA:108,3
DA:109,1
DA:113,2
DA:120,5
LF:34
LH:34
BRDA:7,0,0,5
BRDA:7,0,1,0
BRDA:8,1,0,5
BRDA:8,1,1,0
BRDA:27,2,0,2
BRDA:33,3,0,2
BRDA:81,4,0,1
BRDA:108,5,0,1
BRF:8
BRH:6
end_of_record
TN:
SF:src/services/DatabaseService.ts
FN:22,(anonymous_1)
FN:42,(anonymous_2)
FN:54,(anonymous_3)
FN:66,(anonymous_4)
FN:108,(anonymous_5)
FN:116,(anonymous_6)
FN:132,(anonymous_7)
FN:151,(anonymous_8)
FN:173,(anonymous_9)
FN:190,(anonymous_10)
FN:210,(anonymous_11)
FN:222,(anonymous_12)
FN:232,(anonymous_13)
FN:274,(anonymous_14)
FN:282,(anonymous_15)
FN:294,(anonymous_16)
FN:304,(anonymous_17)
FN:312,(anonymous_18)
FN:335,(anonymous_19)
FN:343,(anonymous_20)
FN:349,(anonymous_21)
FN:357,(anonymous_22)
FN:374,(anonymous_23)
FN:393,(anonymous_24)
FN:416,(anonymous_25)
FN:422,(anonymous_26)
FN:427,(anonymous_27)
FNF:27
FNH:27
FNDA:21,(anonymous_1)
FNDA:72,(anonymous_2)
FNDA:81,(anonymous_3)
FNDA:8,(anonymous_4)
FNDA:21,(anonymous_5)
FNDA:35,(anonymous_6)
FNDA:35,(anonymous_7)
FNDA:14,(anonymous_8)
FNDA:34,(anonymous_9)
FNDA:44,(anonymous_10)
FNDA:43,(anonymous_11)
FNDA:41,(anonymous_12)
FNDA:1,(anonymous_13)
FNDA:2,(anonymous_14)
FNDA:72,(anonymous_15)
FNDA:85,(anonymous_16)
FNDA:4,(anonymous_17)
FNDA:37,(anonymous_18)
FNDA:85,(anonymous_19)
FNDA:81,(anonymous_20)
FNDA:4,(anonymous_21)
FNDA:6,(anonymous_22)
FNDA:5,(anonymous_23)
FNDA:2,(anonymous_24)
FNDA:2,(anonymous_25)
FNDA:1,(anonymous_26)
FNDA:1,(anonymous_27)
DA:1,8
DA:23,21
DA:30,21
DA:38,21
DA:39,21
DA:43,72
DA:50,72
DA:51,72
DA:55,81
DA:62,81
DA:63,81
DA:67,8
DA:68,8
DA:69,8
DA:71,8
DA:72,2
DA:73,2
DA:75,8
DA:76,3
DA:77,3
DA:79,8
DA:80,5
DA:81,5
DA:83,8
DA:84,3
DA:85,3
DA:88,8
DA:89,0
DA:92,8
DA:93,8
DA:95,8
DA:104,8
DA:105,8
DA:109,21
DA:110,21
DA:111,21
DA:117,35
DA:124,35
DA:126,35
DA:127,35
DA:128,35
DA:129,35
DA:133,35
DA:140,35
DA:142,35
DA:143,6
DA:146,29
DA:147,29
DA:148,29
DA:152,14
DA:160,14
DA:162,14
DA:163,1
DA:166,13
DA:167,13
DA:168,13
DA:174,34
DA:181,34
DA:183,34
DA:184,34
DA:185,34
DA:186,34
DA:187,34
DA:191,44
DA:198,44
DA:200,44
DA:201,3
DA:204,41
DA:205,41
DA:206,41
DA:207,41
DA:211,43
DA:219,43
DA:221,43
DA:223,41
DA:224,41
DA:225,41
DA:229,43
DA:233,1
DA:234,1
DA:235,1
DA:237,1
DA:238,1
DA:239,1
DA:241,1
DA:242,1
DA:243,1
DA:246,1
DA:247,0
DA:250,1
DA:251,1
DA:253,1
DA:262,1
DA:264,1
DA:265,0
DA:268,1
DA:269,1
DA:270,1
DA:271,1
DA:275,2
DA:276,2
DA:277,2
DA:283,72
DA:288,72
DA:290,72
DA:291,72
DA:295,85
DA:300,85
DA:301,85
DA:305,4
DA:306,4
DA:307,4
DA:313,37
DA:318,37
DA:326,37
DA:327,37
DA:329,37
DA:330,0
DA:332,37
DA:336,85
DA:342,85
DA:343,85
DA:350,4
DA:351,4
DA:352,4
DA:358,6
DA:363,6
DA:365,6
DA:366,6
DA:368,6
DA:369,0
DA:371,6
DA:375,5
DA:380,5
DA:382,5
DA:383,2
DA:386,3
DA:387,3
DA:388,0
DA:390,3
DA:394,2
DA:401,2
DA:403,2
DA:404,0
DA:407,2
DA:408,2
DA:409,0
DA:411,2
DA:417,2
DA:418,2
DA:419,2
DA:423,1
DA:424,1
DA:428,1
DA:429,1
DA:433,8
LF:156
LH:148
BRDA:34,0,0,21
BRDA:34,0,1,13
BRDA:35,1,0,21
BRDA:35,1,1,3
BRDA:51,2,0,72
BRDA:51,2,1,13
BRDA:63,3,0,81
BRDA:63,3,1,60
BRDA:71,4,0,2
BRDA:75,5,0,3
BRDA:79,6,0,5
BRDA:83,7,0,3
BRDA:88,8,0,0
BRDA:105,9,0,8
BRDA:105,9,1,0
BRDA:111,10,0,21
BRDA:111,10,1,21
BRDA:142,11,0,6
BRDA:162,12,0,1
BRDA:200,13,0,3
BRDA:237,14,0,1
BRDA:241,15,0,1
BRDA:246,16,0,0
BRDA:264,17,0,0
BRDA:277,18,0,2
BRDA:277,18,1,2
BRDA:288,19,0,72
BRDA:288,19,1,69
BRDA:307,20,0,4
BRDA:307,20,1,4
BRDA:329,21,0,0
BRDA:345,22,0,0
BRDA:345,22,1,81
BRDA:352,23,0,4
BRDA:352,23,1,4
BRDA:368,24,0,0
BRDA:382,25,0,2
BRDA:387,26,0,0
BRDA:403,27,0,0
BRDA:408,28,0,0
BRF:40
BRH:30
end_of_record
TN:
SF:src/services/MenuPlanService.ts
FN:30,(anonymous_1)
FN:111,(anonymous_2)
FN:118,(anonymous_3)
FN:155,(anonymous_4)
FN:202,(anonymous_5)
FN:213,(anonymous_6)
FN:246,(anonymous_7)
FN:268,(anonymous_8)
FN:282,(anonymous_9)
FNF:9
FNH:9
FNDA:39,(anonymous_1)
FNDA:28,(anonymous_2)
FNDA:5,(anonymous_3)
FNDA:4,(anonymous_4)
FNDA:13,(anonymous_5)
FNDA:9,(anonymous_6)
FNDA:43,(anonymous_7)
FNDA:33,(anonymous_8)
FNDA:33,(anonymous_9)
DA:1,3
DA:2,3
DA:31,39
DA:34,39
DA:35,39
DA:36,3
DA:40,36
DA:41,36
DA:42,1
DA:49,35
DA:51,0
DA:52,0
DA:53,35
DA:55,2
DA:56,2
DA:57,1
DA:59,1
DA:60,1
DA:63,33
DA:64,33
DA:68,34
DA:74,34
DA:76,34
DA:78,34
DA:86,33
DA:87,33
DA:88,33
DA:93,33
DA:97,33
DA:103,1
DA:104,1
DA:112,28
DA:119,5
DA:122,5
DA:123,5
DA:124,1
DA:128,4
DA:129,4
DA:130,0
DA:134,4
DA:135,1
DA:139,3
DA:140,3
DA:141,0
DA:145,3
DA:146,1
DA:147,1
DA:148,0
DA:153,3
DA:155,4
DA:159,3
DA:168,3
DA:169,3
DA:172,3
DA:173,5
DA:180,3
DA:181,3
DA:191,3
DA:192,3
DA:193,0
DA:196,3
DA:203,13
DA:204,13
DA:205,1
DA:207,12
DA:216,9
DA:218,9
DA:219,1
DA:222,9
DA:223,1
DA:226,9
DA:227,30
DA:228,2
DA:231,30
DA:232,1
DA:235,30
DA:236,1
DA:240,9
DA:247,43
DA:249,43
DA:250,4
DA:253,43
DA:254,43
DA:255,2
DA:258,43
DA:259,4
DA:262,43
DA:269,33
DA:270,33
DA:271,66
DA:276,33
DA:288,33
DA:297,33
DA:298,66
DA:305,33
DA:306,33
DA:316,33
DA:317,33
DA:318,0
DA:321,33
DA:325,3
LF:101
LH:94
BRDA:35,0,0,3
BRDA:41,1,0,1
BRDA:49,2,0,0
BRDA:49,2,1,35
BRDA:53,3,0,2
BRDA:53,3,1,33
BRDA:53,4,0,35
BRDA:53,4,1,2
BRDA:56,5,0,1
BRDA:123,6,0,1
BRDA:129,7,0,0
BRDA:134,8,0,1
BRDA:140,9,0,0
BRDA:145,10,0,1
BRDA:145,11,0,3
BRDA:145,11,1,1
BRDA:147,12,0,0
BRDA:153,13,0,3
BRDA:153,13,1,2
BRDA:154,14,0,2
BRDA:154,14,1,0
BRDA:162,15,0,3
BRDA:162,15,1,1
BRDA:162,15,2,0
BRDA:192,16,0,0
BRDA:204,17,0,1
BRDA:218,18,0,1
BRDA:222,19,0,1
BRDA:227,20,0,2
BRDA:227,21,0,30
BRDA:227,21,1,28
BRDA:231,22,0,1
BRDA:231,23,0,30
BRDA:231,23,1,28
BRDA:235,24,0,1
BRDA:235,25,0,30
BRDA:235,25,1,4
BRDA:249,26,0,4
BRDA:254,27,0,2
BRDA:258,28,0,4
BRDA:317,29,0,0
BRF:41
BRH:33
end_of_record
TN:
SF:src/services/MockAIService.ts
FN:16,(anonymous_0)
FN:72,(anonymous_1)
FN:87,(anonymous_2)
FN:95,(anonymous_3)
FN:119,(anonymous_4)
FN:126,(anonymous_5)
FN:134,(anonymous_6)
FN:156,(anonymous_7)
FNF:8
FNH:0
FNDA:0,(anonymous_0)
FNDA:0,(anonymous_1)
FNDA:0,(anonymous_2)
FNDA:0,(anonymous_3)
FNDA:0,(anonymous_4)
FNDA:0,(anonymous_5)
FNDA:0,(anonymous_6)
FNDA:0,(anonymous_7)
DA:22,0
DA:24,0
DA:26,0
DA:69,0
DA:70,0
DA:71,0
DA:72,0
DA:78,0
DA:87,0
DA:89,0
DA:96,0
DA:98,0
DA:119,0
DA:126,0
DA:128,0
DA:135,0
DA:137,0
DA:156,0
DA:158,0
DA:162,4
LF:20
LH:1
BRDA:121,0,0,0
BRDA:121,0,1,0
BRF:2
BRH:0
end_of_record
TN:
SF:src/services/UserService.ts
FN:9,(anonymous_1)
FN:34,(anonymous_2)
FN:38,(anonymous_3)
FN:45,(anonymous_4)
FN:75,(anonymous_5)
FN:91,(anonymous_6)
FN:102,(anonymous_7)
FN:111,(anonymous_8)
FNF:8
FNH:8
FNDA:26,(anonymous_1)
FNDA:5,(anonymous_2)
FNDA:3,(anonymous_3)
FNDA:9,(anonymous_4)
FNDA:4,(anonymous_5)
FNDA:3,(anonymous_6)
FNDA:3,(anonymous_7)
FNDA:3,(anonymous_8)
DA:1,7
DA:2,7
DA:4,7
DA:6,7
DA:11,26
DA:12,26
DA:13,5
DA:17,21
DA:18,21
DA:19,2
DA:23,19
DA:26,19
DA:31,19
DA:35,5
DA:39,3
DA:40,1
DA:42,2
DA:47,9
DA:48,9
DA:49,2
DA:53,7
DA:54,7
DA:55,1
DA:59,6
DA:60,4
DA:61,4
DA:62,2
DA:67,4
DA:68,4
DA:69,0
DA:72,4
DA:77,4
DA:78,4
DA:79,1
DA:83,3
DA:84,3
DA:85,0
DA:88,3
DA:93,3
DA:94,3
DA:95,1
DA:99,2
DA:103,3
DA:104,3
DA:105,1
DA:108,2
DA:112,3
DA:113,3
DA:114,1
DA:117,2
DA:121,7
LF:51
LH:49
BRDA:12,0,0,5
BRDA:18,1,0,2
BRDA:39,2,0,1
BRDA:48,3,0,2
BRDA:54,4,0,1
BRDA:59,5,0,4
BRDA:59,6,0,6
BRDA:59,6,1,4
BRDA:61,7,0,2
BRDA:68,8,0,0
BRDA:78,9,0,1
BRDA:84,10,0,0
BRDA:94,11,0,1
BRDA:104,12,0,1
BRDA:113,13,0,1
BRF:15
BRH:13
end_of_record
